Log file open, 06/07/19 21:41:37
LogWindows: Failed to load 'aqProf.dll' (GetLastError=126)
LogWindows: File 'aqProf.dll' does not exist
LogWindows: Failed to load 'VtuneApi.dll' (GetLastError=126)
LogWindows: File 'VtuneApi.dll' does not exist
LogWindows: Failed to load 'VtuneApi32e.dll' (GetLastError=126)
LogWindows: File 'VtuneApi32e.dll' does not exist
LogConsoleResponse: Display: Failed to find resolution value strings in scalability ini. Falling back to default.
LogInit: Display: Running engine for game: ShadowGame
LogPakFile: Registered encryption key '00000000000000000000000000000000': 0 pak files mounted, 0 remain pending
LogPlatformFile: Not using cached read wrapper
LogTaskGraph: Started task graph with 5 named threads and 23 total threads with 3 sets of task threads.
LogStats: Stats thread started at 0.303647
LogD3D11RHI: Loaded GFSDK_Aftermath_Lib.x64.dll
LogICUInternationalization: ICU TimeZone Detection - Raw Offset: -8:00, Platform Override: ''
LogPluginManager: Mounting plugin Paper2D
LogPluginManager: Mounting plugin AISupport
LogPluginManager: Mounting plugin LightPropagationVolume
LogPluginManager: Mounting plugin ActorLayerUtilities
LogPluginManager: Mounting plugin AnimationSharing
LogPluginManager: Mounting plugin CLionSourceCodeAccess
LogPluginManager: Mounting plugin CodeLiteSourceCodeAccess
LogPluginManager: Mounting plugin GitSourceControl
LogPluginManager: Mounting plugin KDevelopSourceCodeAccess
LogPluginManager: Mounting plugin NullSourceCodeAccess
LogPluginManager: Mounting plugin PerforceSourceControl
LogPluginManager: Mounting plugin SubversionSourceControl
LogPluginManager: Mounting plugin UObjectPlugin
LogPluginManager: Mounting plugin VisualStudioCodeSourceCodeAccess
LogPluginManager: Mounting plugin VisualStudioSourceCodeAccess
LogPluginManager: Mounting plugin XCodeSourceCodeAccess
LogPluginManager: Mounting plugin AssetManagerEditor
LogPluginManager: Mounting plugin CryptoKeys
LogPluginManager: Mounting plugin DataValidation
LogPluginManager: Mounting plugin FacialAnimation
LogPluginManager: Mounting plugin GameplayTagsEditor
LogPluginManager: Mounting plugin MacGraphicsSwitching
LogPluginManager: Mounting plugin MaterialAnalyzer
LogPluginManager: Mounting plugin MobileLauncherProfileWizard
LogPluginManager: Mounting plugin PluginBrowser
LogPluginManager: Mounting plugin SpeedTreeImporter
LogPluginManager: Mounting plugin DatasmithContent
LogPluginManager: Mounting plugin VariantManagerContent
LogPluginManager: Mounting plugin AlembicImporter
LogPluginManager: Mounting plugin AppleImageUtils
LogPluginManager: Mounting plugin AppleVision
LogPluginManager: Mounting plugin BackChannel
LogPluginManager: Mounting plugin CharacterAI
LogPluginManager: Mounting plugin GeometryCache
LogPluginManager: Mounting plugin HTML5Networking
LogPluginManager: Mounting plugin ProxyLODPlugin
LogPluginManager: Mounting plugin SkeletalReduction
LogPluginManager: Mounting plugin MagicLeap
LogPluginManager: Mounting plugin MagicLeapMedia
LogPluginManager: Mounting plugin AndroidMedia
LogPluginManager: Mounting plugin AvfMedia
LogPluginManager: Mounting plugin ImgMedia
LogPluginManager: Mounting plugin LinearTimecode
LogPluginManager: Mounting plugin MediaCompositing
LogPluginManager: Mounting plugin MediaPlayerEditor
LogPluginManager: Mounting plugin WebMMedia
LogPluginManager: Mounting plugin WmfMedia
LogPluginManager: Mounting plugin TcpMessaging
LogPluginManager: Mounting plugin UdpMessaging
LogPluginManager: Mounting plugin ActorSequence
LogPluginManager: Mounting plugin LevelSequenceEditor
LogPluginManager: Mounting plugin MatineeToLevelSequence
LogPluginManager: Mounting plugin NetcodeUnitTest
LogPluginManager: Mounting plugin NUTUnrealEngine4
LogPluginManager: Mounting plugin OnlineSubsystemGooglePlay
LogPluginManager: Mounting plugin OnlineSubsystemIOS
LogPluginManager: Mounting plugin OnlineSubsystem
LogPluginManager: Mounting plugin OnlineSubsystemNull
LogPluginManager: Mounting plugin OnlineSubsystemUtils
LogPluginManager: Mounting plugin LauncherChunkInstaller
LogPluginManager: Mounting plugin AndroidDeviceProfileSelector
LogPluginManager: Mounting plugin AndroidMoviePlayer
LogPluginManager: Mounting plugin AndroidPermission
LogPluginManager: Mounting plugin AppleMoviePlayer
LogPluginManager: Mounting plugin ArchVisCharacter
LogPluginManager: Mounting plugin AudioCapture
LogPluginManager: Mounting plugin CableComponent
LogPluginManager: Mounting plugin CustomMeshComponent
LogPluginManager: Mounting plugin EditableMesh
LogPluginManager: Mounting plugin ExampleDeviceProfileSelector
LogPluginManager: Mounting plugin Firebase
LogPluginManager: Mounting plugin GoogleCloudMessaging
LogPluginManager: Mounting plugin IOSDeviceProfileSelector
LogPluginManager: Mounting plugin LinuxDeviceProfileSelector
LogPluginManager: Mounting plugin LocationServicesBPLibrary
LogPluginManager: Mounting plugin MobilePatchingUtils
LogPluginManager: Mounting plugin OculusVR
LogPluginManager: Mounting plugin PhysXVehicles
LogPluginManager: Mounting plugin ProceduralMeshComponent
LogPluginManager: Mounting plugin RuntimePhysXCooking
LogPluginManager: Mounting plugin SignificanceManager
LogPluginManager: Mounting plugin SteamVR
LogPluginManager: Mounting plugin WebMMoviePlayer
LogPluginManager: Mounting plugin WindowsMoviePlayer
LogInit: Using libcurl 7.55.1-DEV
LogInit:  - built for x86_64-pc-win32
LogInit:  - supports SSL with OpenSSL/1.1.1
LogInit:  - supports HTTP deflate (compression) using libz 1.2.8
LogInit:  - other features:
LogInit:      CURL_VERSION_SSL
LogInit:      CURL_VERSION_LIBZ
LogInit:      CURL_VERSION_IPV6
LogInit:      CURL_VERSION_ASYNCHDNS
LogInit:      CURL_VERSION_LARGEFILE
LogInit:      CURL_VERSION_IDN
LogInit:  CurlRequestOptions (configurable via config and command line):
LogInit:  - bVerifyPeer = true  - Libcurl will verify peer certificate
LogInit:  - bUseHttpProxy = false  - Libcurl will NOT use HTTP proxy
LogInit:  - bDontReuseConnections = false  - Libcurl will reuse connections
LogInit:  - MaxHostConnections = 16  - Libcurl will limit the number of connections to a host
LogInit:  - LocalHostAddr = Default
LogInit:  - BufferSize = 65536
LogInit: WinSock: version 1.1 (2.2), MaxSocks=32767, MaxUdp=65467
LogInit: Build: ++UE4+Release-4.22-CL-6063286
LogInit: Engine Version: 4.22.1-6063286+++UE4+Release-4.22
LogInit: Compatible Engine Version: 4.22.0-5660361+++UE4+Release-4.22
LogInit: Net CL: 5660361
LogInit: OS: Windows 10 (Release 1803) (), CPU: Intel(R) Core(TM) i7-7700HQ CPU @ 2.80GHz, GPU: Intel(R) HD Graphics 630
LogInit: Compiled (64-bit): Apr 24 2019 04:36:48
LogInit: Compiled with Visual C++: 19.16.27025.01
LogInit: Build Configuration: Development
LogInit: Branch Name: ++UE4+Release-4.22
LogInit: Command Line: 
LogInit: Base Directory: C:/Program Files/Epic Games/UE_4.22/Engine/Binaries/Win64/
LogInit: Installed Engine Build: 1
LogDevObjectVersion: Number of dev versions registered: 23
LogDevObjectVersion:   Dev-Blueprints (B0D832E4-1F89-4F0D-ACCF-7EB736FD4AA2): 10
LogDevObjectVersion:   Dev-Build (E1C64328-A22C-4D53-A36C-8E866417BD8C): 0
LogDevObjectVersion:   Dev-Core (375EC13C-06E4-48FB-B500-84F0262A717E): 3
LogDevObjectVersion:   Dev-Editor (E4B068ED-F494-42E9-A231-DA0B2E46BB41): 30
LogDevObjectVersion:   Dev-Framework (CFFC743F-43B0-4480-9391-14DF171D2073): 35
LogDevObjectVersion:   Dev-Mobile (B02B49B5-BB20-44E9-A304-32B752E40360): 2
LogDevObjectVersion:   Dev-Networking (A4E4105C-59A1-49B5-A7C5-40C4547EDFEE): 0
LogDevObjectVersion:   Dev-Online (39C831C9-5AE6-47DC-9A44-9C173E1C8E7C): 0
LogDevObjectVersion:   Dev-Physics (78F01B33-EBEA-4F98-B9B4-84EACCB95AA2): 0
LogDevObjectVersion:   Dev-Platform (6631380F-2D4D-43E0-8009-CF276956A95A): 0
LogDevObjectVersion:   Dev-Rendering (12F88B9F-8875-4AFC-A67C-D90C383ABD29): 28
LogDevObjectVersion:   Dev-Sequencer (7B5AE74C-D270-4C10-A958-57980B212A5A): 11
LogDevObjectVersion:   Dev-VR (D7296918-1DD6-4BDD-9DE2-64A83CC13884): 2
LogDevObjectVersion:   Dev-LoadTimes (C2A15278-BFE7-4AFE-6C17-90FF531DF755): 1
LogDevObjectVersion:   Private-Geometry (6EACA3D4-40EC-4CC1-B786-8BED09428FC5): 3
LogDevObjectVersion:   Dev-AnimPhys (29E575DD-E0A3-4627-9D10-D276232CDCEA): 17
LogDevObjectVersion:   Dev-Anim (AF43A65D-7FD3-4947-9873-3E8ED9C1BB05): 2
LogDevObjectVersion:   Dev-ReflectionCapture (6B266CEC-1EC7-4B8F-A30B-E4D90942FC07): 1
LogDevObjectVersion:   Dev-Automation (0DF73D61-A23F-47EA-B727-89E90C41499A): 1
LogDevObjectVersion:   FortniteMain (601D1886-AC64-4F84-AA16-D3DE0DEAC7D6): 25
LogDevObjectVersion:   Dev-Enterprise (9DFFBCD6-494F-0158-E221-12823C92A888): 6
LogDevObjectVersion:   Dev-Niagara (F2AED0AC-9AFE-416F-8664-AA7FFA26D6FC): 1
LogDevObjectVersion:   Dev-Destruction (174F1F0B-B4C6-45A5-B13F-2EE8D0FB917D): 2
LogInit: Presizing for max 16777216 objects, including 0 objects not considered by GC, pre-allocating 0 bytes for permanent pool.
LogInit: Object subsystem initialized
LogConfig: Setting CVar [[con.DebugEarlyDefault:1]]
LogConfig: Setting CVar [[r.setres:1280x720]]
[2019.06.08-04.41.37:826][  0]LogConfig: Setting CVar [[r.VSync:0]]
[2019.06.08-04.41.37:826][  0]LogConfig: Setting CVar [[r.RHICmdBypass:0]]
[2019.06.08-04.41.37:826][  0]LogConfig: Applying CVar settings from Section [/Script/Engine.RendererSettings] File [C:/Users/nebul/Documents/GitHub/Shadow-Game/ShadowGame/Saved/Config/Windows/Engine.ini]
[2019.06.08-04.41.37:827][  0]LogConfig: Setting CVar [[r.GPUCrashDebugging:0]]
[2019.06.08-04.41.37:827][  0]LogConfig: Applying CVar settings from Section [/Script/Engine.RendererOverrideSettings] File [C:/Users/nebul/Documents/GitHub/Shadow-Game/ShadowGame/Saved/Config/Windows/Engine.ini]
[2019.06.08-04.41.37:827][  0]LogConfig: Applying CVar settings from Section [/Script/Engine.StreamingSettings] File [C:/Users/nebul/Documents/GitHub/Shadow-Game/ShadowGame/Saved/Config/Windows/Engine.ini]
[2019.06.08-04.41.37:827][  0]LogConfig: Setting CVar [[s.MinBulkDataSizeForAsyncLoading:131072]]
[2019.06.08-04.41.37:827][  0]LogConfig: Setting CVar [[s.AsyncLoadingThreadEnabled:0]]
[2019.06.08-04.41.37:827][  0]LogConfig: Setting CVar [[s.EventDrivenLoaderEnabled:1]]
[2019.06.08-04.41.37:827][  0]LogConfig: Setting CVar [[s.WarnIfTimeLimitExceeded:0]]
[2019.06.08-04.41.37:827][  0]LogConfig: Setting CVar [[s.TimeLimitExceededMultiplier:1.5]]
[2019.06.08-04.41.37:827][  0]LogConfig: Setting CVar [[s.TimeLimitExceededMinTime:0.005]]
[2019.06.08-04.41.37:827][  0]LogConfig: Setting CVar [[s.UseBackgroundLevelStreaming:1]]
[2019.06.08-04.41.37:827][  0]LogConfig: Setting CVar [[s.PriorityAsyncLoadingExtraTime:15.0]]
[2019.06.08-04.41.37:827][  0]LogConfig: Setting CVar [[s.LevelStreamingActorsUpdateTimeLimit:5.0]]
[2019.06.08-04.41.37:827][  0]LogConfig: Setting CVar [[s.PriorityLevelStreamingActorsUpdateExtraTime:5.0]]
[2019.06.08-04.41.37:827][  0]LogConfig: Setting CVar [[s.LevelStreamingComponentsRegistrationGranularity:10]]
[2019.06.08-04.41.37:827][  0]LogConfig: Setting CVar [[s.UnregisterComponentsTimeLimit:1.0]]
[2019.06.08-04.41.37:827][  0]LogConfig: Setting CVar [[s.LevelStreamingComponentsUnregistrationGranularity:5]]
[2019.06.08-04.41.37:827][  0]LogConfig: Applying CVar settings from Section [/Script/Engine.GarbageCollectionSettings] File [C:/Users/nebul/Documents/GitHub/Shadow-Game/ShadowGame/Saved/Config/Windows/Engine.ini]
[2019.06.08-04.41.37:827][  0]LogConfig: Setting CVar [[gc.MaxObjectsNotConsideredByGC:1]]
[2019.06.08-04.41.37:827][  0]LogConfig: Setting CVar [[gc.SizeOfPermanentObjectPool:0]]
[2019.06.08-04.41.37:827][  0]LogConfig: Setting CVar [[gc.FlushStreamingOnGC:0]]
[2019.06.08-04.41.37:827][  0]LogConfig: Setting CVar [[gc.NumRetriesBeforeForcingGC:10]]
[2019.06.08-04.41.37:827][  0]LogConfig: Setting CVar [[gc.AllowParallelGC:1]]
[2019.06.08-04.41.37:827][  0]LogConfig: Setting CVar [[gc.TimeBetweenPurgingPendingKillObjects:61.1]]
[2019.06.08-04.41.37:827][  0]LogConfig: Setting CVar [[gc.MaxObjectsInEditor:16777216]]
[2019.06.08-04.41.37:827][  0]LogConfig: Setting CVar [[gc.IncrementalBeginDestroyEnabled:1]]
[2019.06.08-04.41.37:827][  0]LogConfig: Setting CVar [[gc.CreateGCClusters:1]]
[2019.06.08-04.41.37:827][  0]LogConfig: Setting CVar [[gc.MinGCClusterSize:5]]
[2019.06.08-04.41.37:827][  0]LogConfig: Setting CVar [[gc.ActorClusteringEnabled:0]]
[2019.06.08-04.41.37:827][  0]LogConfig: Setting CVar [[gc.BlueprintClusteringEnabled:0]]
[2019.06.08-04.41.37:827][  0]LogConfig: Setting CVar [[gc.UseDisregardForGCOnDedicatedServers:0]]
[2019.06.08-04.41.37:827][  0]LogConfig: Applying CVar settings from Section [/Script/Engine.NetworkSettings] File [C:/Users/nebul/Documents/GitHub/Shadow-Game/ShadowGame/Saved/Config/Windows/Engine.ini]
[2019.06.08-04.41.37:827][  0]LogConfig: Applying CVar settings from Section [/Script/UnrealEd.CookerSettings] File [C:/Users/nebul/Documents/GitHub/Shadow-Game/ShadowGame/Saved/Config/Windows/Engine.ini]
[2019.06.08-04.41.37:829][  0]LogConfig: Applying CVar settings from Section [ViewDistanceQuality@3] File [C:/Users/nebul/Documents/GitHub/Shadow-Game/ShadowGame/Saved/Config/Windows/Scalability.ini]
[2019.06.08-04.41.37:830][  0]LogConfig: Setting CVar [[r.SkeletalMeshLODBias:0]]
[2019.06.08-04.41.37:830][  0]LogConfig: Setting CVar [[r.ViewDistanceScale:1.0]]
[2019.06.08-04.41.37:830][  0]LogConfig: Applying CVar settings from Section [AntiAliasingQuality@3] File [C:/Users/nebul/Documents/GitHub/Shadow-Game/ShadowGame/Saved/Config/Windows/Scalability.ini]
[2019.06.08-04.41.37:830][  0]LogConfig: Setting CVar [[r.PostProcessAAQuality:4]]
[2019.06.08-04.41.37:830][  0]LogConfig: Applying CVar settings from Section [ShadowQuality@3] File [C:/Users/nebul/Documents/GitHub/Shadow-Game/ShadowGame/Saved/Config/Windows/Scalability.ini]
[2019.06.08-04.41.37:830][  0]LogConfig: Setting CVar [[r.LightFunctionQuality:1]]
[2019.06.08-04.41.37:830][  0]LogConfig: Setting CVar [[r.ShadowQuality:5]]
[2019.06.08-04.41.37:830][  0]LogConfig: Setting CVar [[r.Shadow.CSM.MaxCascades:10]]
[2019.06.08-04.41.37:830][  0]LogConfig: Setting CVar [[r.Shadow.MaxResolution:2048]]
[2019.06.08-04.41.37:830][  0]LogConfig: Setting CVar [[r.Shadow.MaxCSMResolution:2048]]
[2019.06.08-04.41.37:830][  0]LogConfig: Setting CVar [[r.Shadow.RadiusThreshold:0.01]]
[2019.06.08-04.41.37:830][  0]LogConfig: Setting CVar [[r.Shadow.DistanceScale:1.0]]
[2019.06.08-04.41.37:830][  0]LogConfig: Setting CVar [[r.Shadow.CSM.TransitionScale:1.0]]
[2019.06.08-04.41.37:830][  0]LogConfig: Setting CVar [[r.Shadow.PreShadowResolutionFactor:1.0]]
[2019.06.08-04.41.37:830][  0]LogConfig: Setting CVar [[r.DistanceFieldShadowing:1]]
[2019.06.08-04.41.37:830][  0]LogConfig: Setting CVar [[r.DistanceFieldAO:1]]
[2019.06.08-04.41.37:830][  0]LogConfig: Setting CVar [[r.AOQuality:2]]
[2019.06.08-04.41.37:830][  0]LogConfig: Setting CVar [[r.VolumetricFog:1]]
[2019.06.08-04.41.37:830][  0]LogConfig: Setting CVar [[r.VolumetricFog.GridPixelSize:8]]
[2019.06.08-04.41.37:830][  0]LogConfig: Setting CVar [[r.VolumetricFog.GridSizeZ:128]]
[2019.06.08-04.41.37:830][  0]LogConfig: Setting CVar [[r.VolumetricFog.HistoryMissSupersampleCount:4]]
[2019.06.08-04.41.37:830][  0]LogConfig: Setting CVar [[r.LightMaxDrawDistanceScale:1]]
[2019.06.08-04.41.37:830][  0]LogConfig: Setting CVar [[r.CapsuleShadows:1]]
[2019.06.08-04.41.37:830][  0]LogConfig: Applying CVar settings from Section [PostProcessQuality@3] File [C:/Users/nebul/Documents/GitHub/Shadow-Game/ShadowGame/Saved/Config/Windows/Scalability.ini]
[2019.06.08-04.41.37:830][  0]LogConfig: Setting CVar [[r.MotionBlurQuality:4]]
[2019.06.08-04.41.37:830][  0]LogConfig: Setting CVar [[r.AmbientOcclusionMipLevelFactor:0.4]]
[2019.06.08-04.41.37:830][  0]LogConfig: Setting CVar [[r.AmbientOcclusionMaxQuality:100]]
[2019.06.08-04.41.37:830][  0]LogConfig: Setting CVar [[r.AmbientOcclusionLevels:-1]]
[2019.06.08-04.41.37:830][  0]LogConfig: Setting CVar [[r.AmbientOcclusionRadiusScale:1.0]]
[2019.06.08-04.41.37:830][  0]LogConfig: Setting CVar [[r.DepthOfFieldQuality:2]]
[2019.06.08-04.41.37:830][  0]LogConfig: Setting CVar [[r.RenderTargetPoolMin:400]]
[2019.06.08-04.41.37:830][  0]LogConfig: Setting CVar [[r.LensFlareQuality:2]]
[2019.06.08-04.41.37:830][  0]LogConfig: Setting CVar [[r.SceneColorFringeQuality:1]]
[2019.06.08-04.41.37:830][  0]LogConfig: Setting CVar [[r.EyeAdaptationQuality:2]]
[2019.06.08-04.41.37:830][  0]LogConfig: Setting CVar [[r.BloomQuality:5]]
[2019.06.08-04.41.37:830][  0]LogConfig: Setting CVar [[r.FastBlurThreshold:100]]
[2019.06.08-04.41.37:830][  0]LogConfig: Setting CVar [[r.Upscale.Quality:3]]
[2019.06.08-04.41.37:830][  0]LogConfig: Setting CVar [[r.Tonemapper.GrainQuantization:1]]
[2019.06.08-04.41.37:830][  0]LogConfig: Setting CVar [[r.LightShaftQuality:1]]
[2019.06.08-04.41.37:830][  0]LogConfig: Setting CVar [[r.Filter.SizeScale:1]]
[2019.06.08-04.41.37:830][  0]LogConfig: Setting CVar [[r.Tonemapper.Quality:5]]
[2019.06.08-04.41.37:830][  0]LogConfig: Setting CVar [[r.DOF.Gather.AccumulatorQuality:1        ; higher gathering accumulator quality]]
[2019.06.08-04.41.37:830][  0]LogConfig: Setting CVar [[r.DOF.Gather.PostfilterMethod:1          ; Median3x3 postfilering method]]
[2019.06.08-04.41.37:830][  0]LogConfig: Setting CVar [[r.DOF.Gather.EnableBokehSettings:0       ; no bokeh simulation when gathering]]
[2019.06.08-04.41.37:830][  0]LogConfig: Setting CVar [[r.DOF.Gather.RingCount:4                 ; medium number of samples when gathering]]
[2019.06.08-04.41.37:830][  0]LogConfig: Setting CVar [[r.DOF.Scatter.ForegroundCompositing:1    ; additive foreground scattering]]
[2019.06.08-04.41.37:830][  0]LogConfig: Setting CVar [[r.DOF.Scatter.BackgroundCompositing:2    ; additive background scattering]]
[2019.06.08-04.41.37:830][  0]LogConfig: Setting CVar [[r.DOF.Scatter.EnableBokehSettings:1      ; bokeh simulation when scattering]]
[2019.06.08-04.41.37:830][  0]LogConfig: Setting CVar [[r.DOF.Scatter.MaxSpriteRatio:0.1         ; only a maximum of 10% of scattered bokeh]]
[2019.06.08-04.41.37:830][  0]LogConfig: Setting CVar [[r.DOF.Recombine.Quality:1                ; cheap slight out of focus]]
[2019.06.08-04.41.37:830][  0]LogConfig: Setting CVar [[r.DOF.Recombine.EnableBokehSettings:0    ; no bokeh simulation on slight out of focus]]
[2019.06.08-04.41.37:830][  0]LogConfig: Setting CVar [[r.DOF.TemporalAAQuality:1                ; more stable temporal accumulation]]
[2019.06.08-04.41.37:830][  0]LogConfig: Setting CVar [[r.DOF.Kernel.MaxForegroundRadius:0.025]]
[2019.06.08-04.41.37:830][  0]LogConfig: Setting CVar [[r.DOF.Kernel.MaxBackgroundRadius:0.025]]
[2019.06.08-04.41.37:830][  0]LogConfig: Applying CVar settings from Section [TextureQuality@3] File [C:/Users/nebul/Documents/GitHub/Shadow-Game/ShadowGame/Saved/Config/Windows/Scalability.ini]
[2019.06.08-04.41.37:830][  0]LogConfig: Setting CVar [[r.Streaming.MipBias:0]]
[2019.06.08-04.41.37:830][  0]LogConfig: Setting CVar [[r.Streaming.AmortizeCPUToGPUCopy:0]]
[2019.06.08-04.41.37:830][  0]LogConfig: Setting CVar [[r.Streaming.MaxNumTexturesToStreamPerFrame:0]]
[2019.06.08-04.41.37:830][  0]LogConfig: Setting CVar [[r.Streaming.Boost:1]]
[2019.06.08-04.41.37:830][  0]LogConfig: Setting CVar [[r.MaxAnisotropy:8]]
[2019.06.08-04.41.37:830][  0]LogConfig: Setting CVar [[r.Streaming.LimitPoolSizeToVRAM:0]]
[2019.06.08-04.41.37:830][  0]LogConfig: Setting CVar [[r.Streaming.PoolSize:1000]]
[2019.06.08-04.41.37:830][  0]LogConfig: Setting CVar [[r.Streaming.MaxEffectiveScreenSize:0]]
[2019.06.08-04.41.37:830][  0]LogConfig: Applying CVar settings from Section [EffectsQuality@3] File [C:/Users/nebul/Documents/GitHub/Shadow-Game/ShadowGame/Saved/Config/Windows/Scalability.ini]
[2019.06.08-04.41.37:830][  0]LogConfig: Setting CVar [[r.TranslucencyLightingVolumeDim:64]]
[2019.06.08-04.41.37:830][  0]LogConfig: Setting CVar [[r.RefractionQuality:2]]
[2019.06.08-04.41.37:830][  0]LogConfig: Setting CVar [[r.SSR.Quality:3]]
[2019.06.08-04.41.37:830][  0]LogConfig: Setting CVar [[r.SceneColorFormat:4]]
[2019.06.08-04.41.37:830][  0]LogConfig: Setting CVar [[r.DetailMode:2]]
[2019.06.08-04.41.37:830][  0]LogConfig: Setting CVar [[r.TranslucencyVolumeBlur:1]]
[2019.06.08-04.41.37:830][  0]LogConfig: Setting CVar [[r.MaterialQualityLevel:1 ; High quality]]
[2019.06.08-04.41.37:830][  0]LogConfig: Setting CVar [[r.SSS.Scale:1]]
[2019.06.08-04.41.37:830][  0]LogConfig: Setting CVar [[r.SSS.SampleSet:2]]
[2019.06.08-04.41.37:830][  0]LogConfig: Setting CVar [[r.SSS.Quality:1]]
[2019.06.08-04.41.37:830][  0]LogConfig: Setting CVar [[r.SSS.HalfRes:1]]
[2019.06.08-04.41.37:830][  0]LogConfig: Setting CVar [[r.EmitterSpawnRateScale:1.0]]
[2019.06.08-04.41.37:830][  0]LogConfig: Setting CVar [[r.ParticleLightQuality:2]]
[2019.06.08-04.41.37:831][  0]LogConfig: Applying CVar settings from Section [FoliageQuality@3] File [C:/Users/nebul/Documents/GitHub/Shadow-Game/ShadowGame/Saved/Config/Windows/Scalability.ini]
[2019.06.08-04.41.37:831][  0]LogConfig: Setting CVar [[foliage.DensityScale:1.0]]
[2019.06.08-04.41.37:831][  0]LogConfig: Setting CVar [[grass.DensityScale:1.0]]
[2019.06.08-04.41.37:831][  0]LogInit: Selected Device Profile: [Windows]
[2019.06.08-04.41.37:831][  0]LogInit: Applying CVar settings loaded from the selected device profile: [Windows]
[2019.06.08-04.41.37:843][  0]LogHAL: Display: Platform has ~ 16 GB [17048965120 / 17179869184 / 16], which maps to Larger [LargestMinGB=32, LargerMinGB=12, DefaultMinGB=8, SmallerMinGB=6, SmallestMinGB=0)
[2019.06.08-04.41.37:843][  0]LogConfig: Setting CVar [[r.Vulkan.UseRealUBs:0		; Required until we fix HLR fall-out]]
[2019.06.08-04.41.37:843][  0]LogInit: Going up to parent DeviceProfile []
[2019.06.08-04.41.37:843][  0]LogConfig: Applying CVar settings from Section [ViewDistanceQuality@3] File [C:/Users/nebul/Documents/GitHub/Shadow-Game/ShadowGame/Saved/Config/Windows/Scalability.ini]
[2019.06.08-04.41.37:843][  0]LogConfig: Setting CVar [[r.SkeletalMeshLODBias:0]]
[2019.06.08-04.41.37:843][  0]LogConfig: Setting CVar [[r.ViewDistanceScale:1.0]]
[2019.06.08-04.41.37:843][  0]LogConfig: Applying CVar settings from Section [AntiAliasingQuality@3] File [C:/Users/nebul/Documents/GitHub/Shadow-Game/ShadowGame/Saved/Config/Windows/Scalability.ini]
[2019.06.08-04.41.37:843][  0]LogConfig: Setting CVar [[r.PostProcessAAQuality:4]]
[2019.06.08-04.41.37:843][  0]LogConfig: Applying CVar settings from Section [ShadowQuality@3] File [C:/Users/nebul/Documents/GitHub/Shadow-Game/ShadowGame/Saved/Config/Windows/Scalability.ini]
[2019.06.08-04.41.37:843][  0]LogConfig: Setting CVar [[r.LightFunctionQuality:1]]
[2019.06.08-04.41.37:843][  0]LogConfig: Setting CVar [[r.ShadowQuality:5]]
[2019.06.08-04.41.37:843][  0]LogConfig: Setting CVar [[r.Shadow.CSM.MaxCascades:10]]
[2019.06.08-04.41.37:844][  0]LogConfig: Setting CVar [[r.Shadow.MaxResolution:2048]]
[2019.06.08-04.41.37:844][  0]LogConfig: Setting CVar [[r.Shadow.MaxCSMResolution:2048]]
[2019.06.08-04.41.37:844][  0]LogConfig: Setting CVar [[r.Shadow.RadiusThreshold:0.01]]
[2019.06.08-04.41.37:844][  0]LogConfig: Setting CVar [[r.Shadow.DistanceScale:1.0]]
[2019.06.08-04.41.37:844][  0]LogConfig: Setting CVar [[r.Shadow.CSM.TransitionScale:1.0]]
[2019.06.08-04.41.37:844][  0]LogConfig: Setting CVar [[r.Shadow.PreShadowResolutionFactor:1.0]]
[2019.06.08-04.41.37:844][  0]LogConfig: Setting CVar [[r.DistanceFieldShadowing:1]]
[2019.06.08-04.41.37:844][  0]LogConfig: Setting CVar [[r.DistanceFieldAO:1]]
[2019.06.08-04.41.37:844][  0]LogConfig: Setting CVar [[r.AOQuality:2]]
[2019.06.08-04.41.37:844][  0]LogConfig: Setting CVar [[r.VolumetricFog:1]]
[2019.06.08-04.41.37:844][  0]LogConfig: Setting CVar [[r.VolumetricFog.GridPixelSize:8]]
[2019.06.08-04.41.37:844][  0]LogConfig: Setting CVar [[r.VolumetricFog.GridSizeZ:128]]
[2019.06.08-04.41.37:844][  0]LogConfig: Setting CVar [[r.VolumetricFog.HistoryMissSupersampleCount:4]]
[2019.06.08-04.41.37:844][  0]LogConfig: Setting CVar [[r.LightMaxDrawDistanceScale:1]]
[2019.06.08-04.41.37:844][  0]LogConfig: Setting CVar [[r.CapsuleShadows:1]]
[2019.06.08-04.41.37:844][  0]LogConfig: Applying CVar settings from Section [PostProcessQuality@3] File [C:/Users/nebul/Documents/GitHub/Shadow-Game/ShadowGame/Saved/Config/Windows/Scalability.ini]
[2019.06.08-04.41.37:844][  0]LogConfig: Setting CVar [[r.MotionBlurQuality:4]]
[2019.06.08-04.41.37:844][  0]LogConfig: Setting CVar [[r.AmbientOcclusionMipLevelFactor:0.4]]
[2019.06.08-04.41.37:844][  0]LogConfig: Setting CVar [[r.AmbientOcclusionMaxQuality:100]]
[2019.06.08-04.41.37:844][  0]LogConfig: Setting CVar [[r.AmbientOcclusionLevels:-1]]
[2019.06.08-04.41.37:844][  0]LogConfig: Setting CVar [[r.AmbientOcclusionRadiusScale:1.0]]
[2019.06.08-04.41.37:844][  0]LogConfig: Setting CVar [[r.DepthOfFieldQuality:2]]
[2019.06.08-04.41.37:844][  0]LogConfig: Setting CVar [[r.RenderTargetPoolMin:400]]
[2019.06.08-04.41.37:844][  0]LogConfig: Setting CVar [[r.LensFlareQuality:2]]
[2019.06.08-04.41.37:844][  0]LogConfig: Setting CVar [[r.SceneColorFringeQuality:1]]
[2019.06.08-04.41.37:844][  0]LogConfig: Setting CVar [[r.EyeAdaptationQuality:2]]
[2019.06.08-04.41.37:844][  0]LogConfig: Setting CVar [[r.BloomQuality:5]]
[2019.06.08-04.41.37:844][  0]LogConfig: Setting CVar [[r.FastBlurThreshold:100]]
[2019.06.08-04.41.37:844][  0]LogConfig: Setting CVar [[r.Upscale.Quality:3]]
[2019.06.08-04.41.37:844][  0]LogConfig: Setting CVar [[r.Tonemapper.GrainQuantization:1]]
[2019.06.08-04.41.37:844][  0]LogConfig: Setting CVar [[r.LightShaftQuality:1]]
[2019.06.08-04.41.37:844][  0]LogConfig: Setting CVar [[r.Filter.SizeScale:1]]
[2019.06.08-04.41.37:844][  0]LogConfig: Setting CVar [[r.Tonemapper.Quality:5]]
[2019.06.08-04.41.37:844][  0]LogConfig: Setting CVar [[r.DOF.Gather.AccumulatorQuality:1        ; higher gathering accumulator quality]]
[2019.06.08-04.41.37:844][  0]LogConfig: Setting CVar [[r.DOF.Gather.PostfilterMethod:1          ; Median3x3 postfilering method]]
[2019.06.08-04.41.37:844][  0]LogConfig: Setting CVar [[r.DOF.Gather.EnableBokehSettings:0       ; no bokeh simulation when gathering]]
[2019.06.08-04.41.37:844][  0]LogConfig: Setting CVar [[r.DOF.Gather.RingCount:4                 ; medium number of samples when gathering]]
[2019.06.08-04.41.37:844][  0]LogConfig: Setting CVar [[r.DOF.Scatter.ForegroundCompositing:1    ; additive foreground scattering]]
[2019.06.08-04.41.37:844][  0]LogConfig: Setting CVar [[r.DOF.Scatter.BackgroundCompositing:2    ; additive background scattering]]
[2019.06.08-04.41.37:844][  0]LogConfig: Setting CVar [[r.DOF.Scatter.EnableBokehSettings:1      ; bokeh simulation when scattering]]
[2019.06.08-04.41.37:844][  0]LogConfig: Setting CVar [[r.DOF.Scatter.MaxSpriteRatio:0.1         ; only a maximum of 10% of scattered bokeh]]
[2019.06.08-04.41.37:844][  0]LogConfig: Setting CVar [[r.DOF.Recombine.Quality:1                ; cheap slight out of focus]]
[2019.06.08-04.41.37:844][  0]LogConfig: Setting CVar [[r.DOF.Recombine.EnableBokehSettings:0    ; no bokeh simulation on slight out of focus]]
[2019.06.08-04.41.37:844][  0]LogConfig: Setting CVar [[r.DOF.TemporalAAQuality:1                ; more stable temporal accumulation]]
[2019.06.08-04.41.37:844][  0]LogConfig: Setting CVar [[r.DOF.Kernel.MaxForegroundRadius:0.025]]
[2019.06.08-04.41.37:844][  0]LogConfig: Setting CVar [[r.DOF.Kernel.MaxBackgroundRadius:0.025]]
[2019.06.08-04.41.37:844][  0]LogConfig: Applying CVar settings from Section [TextureQuality@3] File [C:/Users/nebul/Documents/GitHub/Shadow-Game/ShadowGame/Saved/Config/Windows/Scalability.ini]
[2019.06.08-04.41.37:844][  0]LogConfig: Setting CVar [[r.Streaming.MipBias:0]]
[2019.06.08-04.41.37:844][  0]LogConfig: Setting CVar [[r.Streaming.AmortizeCPUToGPUCopy:0]]
[2019.06.08-04.41.37:844][  0]LogConfig: Setting CVar [[r.Streaming.MaxNumTexturesToStreamPerFrame:0]]
[2019.06.08-04.41.37:844][  0]LogConfig: Setting CVar [[r.Streaming.Boost:1]]
[2019.06.08-04.41.37:844][  0]LogConfig: Setting CVar [[r.MaxAnisotropy:8]]
[2019.06.08-04.41.37:844][  0]LogConfig: Setting CVar [[r.Streaming.LimitPoolSizeToVRAM:0]]
[2019.06.08-04.41.37:844][  0]LogConfig: Setting CVar [[r.Streaming.PoolSize:1000]]
[2019.06.08-04.41.37:844][  0]LogConfig: Setting CVar [[r.Streaming.MaxEffectiveScreenSize:0]]
[2019.06.08-04.41.37:844][  0]LogConfig: Applying CVar settings from Section [EffectsQuality@3] File [C:/Users/nebul/Documents/GitHub/Shadow-Game/ShadowGame/Saved/Config/Windows/Scalability.ini]
[2019.06.08-04.41.37:844][  0]LogConfig: Setting CVar [[r.TranslucencyLightingVolumeDim:64]]
[2019.06.08-04.41.37:844][  0]LogConfig: Setting CVar [[r.RefractionQuality:2]]
[2019.06.08-04.41.37:844][  0]LogConfig: Setting CVar [[r.SSR.Quality:3]]
[2019.06.08-04.41.37:844][  0]LogConfig: Setting CVar [[r.SceneColorFormat:4]]
[2019.06.08-04.41.37:844][  0]LogConfig: Setting CVar [[r.DetailMode:2]]
[2019.06.08-04.41.37:844][  0]LogConfig: Setting CVar [[r.TranslucencyVolumeBlur:1]]
[2019.06.08-04.41.37:844][  0]LogConfig: Setting CVar [[r.MaterialQualityLevel:1 ; High quality]]
[2019.06.08-04.41.37:844][  0]LogConfig: Setting CVar [[r.SSS.Scale:1]]
[2019.06.08-04.41.37:844][  0]LogConfig: Setting CVar [[r.SSS.SampleSet:2]]
[2019.06.08-04.41.37:844][  0]LogConfig: Setting CVar [[r.SSS.Quality:1]]
[2019.06.08-04.41.37:844][  0]LogConfig: Setting CVar [[r.SSS.HalfRes:1]]
[2019.06.08-04.41.37:844][  0]LogConfig: Setting CVar [[r.EmitterSpawnRateScale:1.0]]
[2019.06.08-04.41.37:844][  0]LogConfig: Setting CVar [[r.ParticleLightQuality:2]]
[2019.06.08-04.41.37:844][  0]LogConfig: Applying CVar settings from Section [FoliageQuality@3] File [C:/Users/nebul/Documents/GitHub/Shadow-Game/ShadowGame/Saved/Config/Windows/Scalability.ini]
[2019.06.08-04.41.37:844][  0]LogConfig: Setting CVar [[foliage.DensityScale:1.0]]
[2019.06.08-04.41.37:845][  0]LogConfig: Setting CVar [[grass.DensityScale:1.0]]
[2019.06.08-04.41.37:845][  0]LogConfig: Applying CVar settings from Section [Startup] File [../../../Engine/Config/ConsoleVariables.ini]
[2019.06.08-04.41.37:845][  0]LogConfig: Setting CVar [[net.UseAdaptiveNetUpdateFrequency:0]]
[2019.06.08-04.41.37:845][  0]LogConfig: Setting CVar [[p.chaos.AllowCreatePhysxBodies:1]]
[2019.06.08-04.41.37:845][  0]LogConfig: Applying CVar settings from Section [ConsoleVariables] File [C:/Users/nebul/Documents/GitHub/Shadow-Game/ShadowGame/Saved/Config/Windows/Engine.ini]
[2019.06.08-04.41.37:845][  0]LogInit: Computer: LAPTOP-2M68OK0N
[2019.06.08-04.41.37:845][  0]LogInit: User: nebul
[2019.06.08-04.41.37:845][  0]LogInit: CPU Page size=4096, Cores=4
[2019.06.08-04.41.37:845][  0]LogInit: High frequency timer resolution =2.742186 MHz
[2019.06.08-04.41.37:845][  0]LogMemory: Memory total: Physical=15.9GB (16GB approx)
[2019.06.08-04.41.37:845][  0]LogMemory: Platform Memory Stats for Windows
[2019.06.08-04.41.37:845][  0]LogMemory: Process Physical Memory: 96.60 MB used, 96.60 MB peak
[2019.06.08-04.41.37:845][  0]LogMemory: Process Virtual Memory: 89.41 MB used, 89.41 MB peak
[2019.06.08-04.41.37:845][  0]LogMemory: Physical Memory: 8449.15 MB used,  7810.01 MB free, 16259.16 MB total
[2019.06.08-04.41.37:845][  0]LogMemory: Virtual Memory: 4659.12 MB used,  134213072.00 MB free, 134217728.00 MB total
[2019.06.08-04.41.37:874][  0]LogInit: Using OS detected language (en-US).
[2019.06.08-04.41.37:874][  0]LogInit: Using OS detected locale (en-US).
[2019.06.08-04.41.37:875][  0]LogTextLocalizationManager: No specific localization for 'en-US' exists, so the 'en' localization will be used.
[2019.06.08-04.41.38:059][  0]LogInit: Setting process to per monitor DPI aware
[2019.06.08-04.41.38:104][  0]LogSlate: New Slate User Created.  User Index 0, Is Virtual User: 0
[2019.06.08-04.41.38:104][  0]LogSlate: Slate User Registered.  User Index 0, Is Virtual User: 0
[2019.06.08-04.41.38:329][  0]LogHMD: Failed to initialize OpenVR with code 110
[2019.06.08-04.41.38:329][  0]LogD3D11RHI: D3D11 adapters:
[2019.06.08-04.41.38:397][  0]LogD3D11RHI:    0. 'NVIDIA GeForce GTX 1050 Ti' (Feature Level 11_0)
[2019.06.08-04.41.38:397][  0]LogD3D11RHI:       4021/0/8129 MB DedicatedVideo/DedicatedSystem/SharedSystem, Outputs:1, VendorId:0x10de
[2019.06.08-04.41.38:409][  0]LogD3D11RHI:    1. 'Intel(R) HD Graphics 630' (Feature Level 11_0)
[2019.06.08-04.41.38:409][  0]LogD3D11RHI:       128/0/8129 MB DedicatedVideo/DedicatedSystem/SharedSystem, Outputs:0, VendorId:0x8086
[2019.06.08-04.41.38:411][  0]LogD3D11RHI:    2. 'Microsoft Basic Render Driver' (Feature Level 11_0)
[2019.06.08-04.41.38:411][  0]LogD3D11RHI:       0/0/8129 MB DedicatedVideo/DedicatedSystem/SharedSystem, Outputs:0, VendorId:0x1414
[2019.06.08-04.41.38:412][  0]LogD3D11RHI: Chosen D3D11 Adapter: 0
[2019.06.08-04.41.38:443][  0]LogD3D11RHI: Creating new Direct3DDevice
[2019.06.08-04.41.38:443][  0]LogD3D11RHI:     GPU DeviceId: 0x1c8c (for the marketing name, search the web for "GPU Device Id")
[2019.06.08-04.41.38:443][  0]LogWindows: EnumDisplayDevices:
[2019.06.08-04.41.38:443][  0]LogWindows:    0. 'Intel(R) HD Graphics 630' (P:1 D:1)
[2019.06.08-04.41.38:443][  0]LogWindows:    1. 'Intel(R) HD Graphics 630' (P:0 D:0)
[2019.06.08-04.41.38:444][  0]LogWindows:    2. 'Intel(R) HD Graphics 630' (P:0 D:0)
[2019.06.08-04.41.38:444][  0]LogWindows: DebugString: PrimaryIsNotTheChoosenAdapter PrimaryIsNotTheChoosenAdapter PrimaryIsNotTheChoosenAdapter FoundDriverCount:0 
[2019.06.08-04.41.38:444][  0]LogD3D11RHI:     Adapter Name: NVIDIA GeForce GTX 1050 Ti
[2019.06.08-04.41.38:444][  0]LogD3D11RHI:   Driver Version: Unknown (internal:Unknown, unified:Unknown)
[2019.06.08-04.41.38:444][  0]LogD3D11RHI:      Driver Date: Unknown
[2019.06.08-04.41.38:444][  0]LogRHI: Texture pool is 2814 MB (70% of 4021 MB)
[2019.06.08-04.41.38:484][  0]LogD3D11RHI: Async texture creation enabled
[2019.06.08-04.41.38:564][  0]LogRendererCore: FGlobalReadBuffer::InitRHI
[2019.06.08-04.41.38:564][  0]LogRendererCore: FGlobalReadBuffer::InitRHI
[2019.06.08-04.41.38:564][  0]LogRendererCore: FGlobalReadBuffer::InitRHI
[2019.06.08-04.41.38:578][  0]LogD3D11RHI: GPU Timing Frequency: 1000.000000 (Debug: 2 2)
[2019.06.08-04.41.38:917][  0]LogTemp: Display: Module 'AllDesktopTargetPlatform' loaded TargetPlatform 'AllDesktop'
[2019.06.08-04.41.38:932][  0]LogTemp: Display: Module 'MacClientTargetPlatform' loaded TargetPlatform 'MacClient'
[2019.06.08-04.41.38:948][  0]LogTemp: Display: Module 'MacNoEditorTargetPlatform' loaded TargetPlatform 'MacNoEditor'
[2019.06.08-04.41.38:963][  0]LogTemp: Display: Module 'MacServerTargetPlatform' loaded TargetPlatform 'MacServer'
[2019.06.08-04.41.38:978][  0]LogTemp: Display: Module 'MacTargetPlatform' loaded TargetPlatform 'Mac'
[2019.06.08-04.41.38:993][  0]LogTemp: Display: Module 'WindowsClientTargetPlatform' loaded TargetPlatform 'WindowsClient'
[2019.06.08-04.41.39:008][  0]LogTemp: Display: Module 'WindowsNoEditorTargetPlatform' loaded TargetPlatform 'WindowsNoEditor'
[2019.06.08-04.41.39:023][  0]LogTemp: Display: Module 'WindowsServerTargetPlatform' loaded TargetPlatform 'WindowsServer'
[2019.06.08-04.41.39:032][  0]LogTemp: Display: Module 'WindowsTargetPlatform' loaded TargetPlatform 'Windows'
[2019.06.08-04.41.39:120][  0]LogTemp: Display: Module 'AndroidTargetPlatform' loaded TargetPlatform 'Android'
[2019.06.08-04.41.39:120][  0]LogTemp: Display: Module 'AndroidTargetPlatform' loaded TargetPlatform 'Android_ASTC'
[2019.06.08-04.41.39:120][  0]LogTemp: Display: Module 'AndroidTargetPlatform' loaded TargetPlatform 'Android_ATC'
[2019.06.08-04.41.39:120][  0]LogTemp: Display: Module 'AndroidTargetPlatform' loaded TargetPlatform 'Android_DXT'
[2019.06.08-04.41.39:120][  0]LogTemp: Display: Module 'AndroidTargetPlatform' loaded TargetPlatform 'Android_ETC1'
[2019.06.08-04.41.39:120][  0]LogTemp: Display: Module 'AndroidTargetPlatform' loaded TargetPlatform 'Android_ETC1a'
[2019.06.08-04.41.39:120][  0]LogTemp: Display: Module 'AndroidTargetPlatform' loaded TargetPlatform 'Android_ETC2'
[2019.06.08-04.41.39:120][  0]LogTemp: Display: Module 'AndroidTargetPlatform' loaded TargetPlatform 'Android_PVRTC'
[2019.06.08-04.41.39:120][  0]LogTemp: Display: Module 'AndroidTargetPlatform' loaded TargetPlatform 'AndroidClient'
[2019.06.08-04.41.39:120][  0]LogTemp: Display: Module 'AndroidTargetPlatform' loaded TargetPlatform 'Android_ASTCClient'
[2019.06.08-04.41.39:120][  0]LogTemp: Display: Module 'AndroidTargetPlatform' loaded TargetPlatform 'Android_ATCClient'
[2019.06.08-04.41.39:120][  0]LogTemp: Display: Module 'AndroidTargetPlatform' loaded TargetPlatform 'Android_DXTClient'
[2019.06.08-04.41.39:120][  0]LogTemp: Display: Module 'AndroidTargetPlatform' loaded TargetPlatform 'Android_ETC1Client'
[2019.06.08-04.41.39:120][  0]LogTemp: Display: Module 'AndroidTargetPlatform' loaded TargetPlatform 'Android_ETC1aClient'
[2019.06.08-04.41.39:120][  0]LogTemp: Display: Module 'AndroidTargetPlatform' loaded TargetPlatform 'Android_ETC2Client'
[2019.06.08-04.41.39:120][  0]LogTemp: Display: Module 'AndroidTargetPlatform' loaded TargetPlatform 'Android_PVRTCClient'
[2019.06.08-04.41.39:120][  0]LogTemp: Display: Module 'AndroidTargetPlatform' loaded TargetPlatform 'Android_Multi'
[2019.06.08-04.41.39:120][  0]LogTemp: Display: Module 'AndroidTargetPlatform' loaded TargetPlatform 'Android_MultiClient'
[2019.06.08-04.41.39:122][  0]LogTemp: Display: Module 'HTML5TargetPlatform' loaded TargetPlatform 'HTML5'
[2019.06.08-04.41.39:174][  0]LogTemp: Display: Module 'IOSTargetPlatform' loaded TargetPlatform 'IOSClient'
[2019.06.08-04.41.39:174][  0]LogTemp: Display: Module 'IOSTargetPlatform' loaded TargetPlatform 'IOS'
[2019.06.08-04.41.39:199][  0]LogTemp: Display: Module 'TVOSTargetPlatform' loaded TargetPlatform 'TVOSClient'
[2019.06.08-04.41.39:199][  0]LogTemp: Display: Module 'TVOSTargetPlatform' loaded TargetPlatform 'TVOS'
[2019.06.08-04.41.39:213][  0]LogTemp: Display: Module 'LinuxClientTargetPlatform' loaded TargetPlatform 'LinuxClient'
[2019.06.08-04.41.39:225][  0]LogTemp: Display: Module 'LinuxNoEditorTargetPlatform' loaded TargetPlatform 'LinuxNoEditor'
[2019.06.08-04.41.39:238][  0]LogTemp: Display: Module 'LinuxServerTargetPlatform' loaded TargetPlatform 'LinuxServer'
[2019.06.08-04.41.39:251][  0]LogTemp: Display: Module 'LinuxTargetPlatform' loaded TargetPlatform 'Linux'
[2019.06.08-04.41.39:304][  0]LogTemp: Display: Module 'LuminTargetPlatform' loaded TargetPlatform 'Lumin'
[2019.06.08-04.41.39:304][  0]LogTemp: Display: Module 'LuminTargetPlatform' loaded TargetPlatform 'LuminClient'
[2019.06.08-04.41.39:305][  0]LogTargetPlatformManager: Display: Building Assets For Windows
[2019.06.08-04.41.39:320][  0]LogAudioDebug: Display: Lib vorbis DLL was dynamically loaded.
[2019.06.08-04.41.39:390][  0]LogShaderCompilers: Guid format shader working directory is -24 characters bigger than the processId version (../../../../../../Users/nebul/Documents/GitHub/Shadow-Game/ShadowGame/Intermediate/Shaders/WorkingDirectory/27804/).
[2019.06.08-04.41.39:390][  0]LogShaderCompilers: Cleaned the shader compiler working directory 'C:/Users/nebul/AppData/Local/Temp/UnrealShaderWorkingDir/2A31627C43450F3D806BC5975CD4ADED/'.
[2019.06.08-04.41.39:393][  0]LogXGEController: Cleaning working directory: C:/Users/nebul/AppData/Local/Temp/UnrealXGEWorkingDir/
[2019.06.08-04.41.39:394][  0]LogXGEController: Cannot use XGE Controller as Incredibuild is not installed on this machine.
[2019.06.08-04.41.39:394][  0]LogShaderCompilers: Cannot use XGE Shader Compiler as Incredibuild is not installed on this machine.
[2019.06.08-04.41.39:394][  0]LogShaderCompilers: Display: Using Local Shader Compiler.
[2019.06.08-04.41.40:030][  0]LogDerivedDataCache: Display: Max Cache Size: 512 MB
[2019.06.08-04.41.40:084][  0]LogDerivedDataCache: Loaded boot cache 0.05s 74MB C:/Users/nebul/AppData/Local/UnrealEngine/4.22/DerivedDataCache/Boot.ddc.
[2019.06.08-04.41.40:084][  0]LogDerivedDataCache: Display: Loaded Boot cache: C:/Users/nebul/AppData/Local/UnrealEngine/4.22/DerivedDataCache/Boot.ddc
[2019.06.08-04.41.40:084][  0]LogDerivedDataCache: FDerivedDataBackendGraph:  Pak pak cache file ../../../../../../Users/nebul/Documents/GitHub/Shadow-Game/ShadowGame/DerivedDataCache/DDC.ddp not found, will not use a pak cache.
[2019.06.08-04.41.40:084][  0]LogDerivedDataCache: Unable to find inner node Pak for hierarchical cache Hierarchy.
[2019.06.08-04.41.40:084][  0]LogDerivedDataCache: FDerivedDataBackendGraph:  CompressedPak pak cache file ../../../../../../Users/nebul/Documents/GitHub/Shadow-Game/ShadowGame/DerivedDataCache/Compressed.ddp not found, will not use a pak cache.
[2019.06.08-04.41.40:084][  0]LogDerivedDataCache: Unable to find inner node CompressedPak for hierarchical cache Hierarchy.
[2019.06.08-04.41.40:097][  0]LogDerivedDataCache: Display: Pak cache opened for reading ../../../Engine/DerivedDataCache/Compressed.ddp.
[2019.06.08-04.41.40:097][  0]LogDerivedDataCache: FDerivedDataBackendGraph:  EnterprisePak pak cache file ../../../Enterprise/DerivedDataCache/Compressed.ddp not found, will not use a pak cache.
[2019.06.08-04.41.40:097][  0]LogDerivedDataCache: Unable to find inner node EnterprisePak for hierarchical cache Hierarchy.
[2019.06.08-04.41.40:109][  0]LogDerivedDataCache: Using Local data cache path C:/Users/nebul/AppData/Local/UnrealEngine/Common/DerivedDataCache: Writable
[2019.06.08-04.41.40:109][  0]LogDerivedDataCache: Shared data cache path not found in *engine.ini, will not use an Shared cache.
[2019.06.08-04.41.40:109][  0]LogDerivedDataCache: Unable to find inner node Shared for hierarchical cache Hierarchy.
[2019.06.08-04.41.40:133][  0]LogMaterial: Verifying Global Shaders for PCD3D_SM5
[2019.06.08-04.41.40:134][  0]LogSlate: Using FreeType 2.6.0
[2019.06.08-04.41.40:135][  0]LogSlate: SlateFontServices - WITH_FREETYPE: 1, WITH_HARFBUZZ: 1
[2019.06.08-04.41.40:229][  0]LogAssetRegistry: FAssetRegistry took 0.0374 seconds to start up
[2019.06.08-04.41.40:618][  0]LogInit: Selected Device Profile: [Windows]
[2019.06.08-04.41.40:779][  0]LogMeshReduction: Using QuadricMeshReduction for automatic static mesh reduction
[2019.06.08-04.41.40:780][  0]LogMeshReduction: Using SimplygonMeshReduction for automatic skeletal mesh reduction
[2019.06.08-04.41.40:780][  0]LogMeshReduction: Using ProxyLODMeshReduction for automatic mesh merging
[2019.06.08-04.41.40:780][  0]LogMeshReduction: No distributed automatic mesh merging module available
[2019.06.08-04.41.40:780][  0]LogMeshMerging: No distributed automatic mesh merging module available
[2019.06.08-04.41.40:792][  0]LogNetVersion: ShadowGame 1.0.0, NetCL: 5660361, EngineNetVer: 10, GameNetVer: 0 (Checksum: 2421885438)
[2019.06.08-04.41.41:259][  0]LogPackageLocalizationCache: Processed 10 localized package path(s) for 1 prioritized culture(s) in 0.055179 seconds
[2019.06.08-04.41.41:268][  0]LogUObjectArray: 42205 objects as part of root set at end of initial load.
[2019.06.08-04.41.41:268][  0]LogUObjectAllocator: 7325032 out of 0 bytes used by permanent object pool.
[2019.06.08-04.41.41:268][  0]LogUObjectArray: CloseDisregardForGC: 0/0 objects in disregard for GC pool
[2019.06.08-04.41.42:290][  0]LogTcpMessaging: Initializing TcpMessaging bridge
[2019.06.08-04.41.42:304][  0]LogUdpMessaging: Initializing bridge on interface 0.0.0.0:0 to multicast group 230.0.0.1:6666.
[2019.06.08-04.41.42:621][  0]SourceControl: Source control is disabled
[2019.06.08-04.41.43:117][  0]LogAndroidPermission: UAndroidPermissionCallbackProxy::GetInstance
[2019.06.08-04.41.43:191][  0]LogOcInput: OculusInput pre-init called
[2019.06.08-04.41.43:922][  0]LogEngine: Initializing Engine...
[2019.06.08-04.41.43:922][  0]LogHMD: Failed to initialize OpenVR with code 110
[2019.06.08-04.41.43:923][  0]LogStats: UGameplayTagsManager::InitializeManager -  0.000 s
[2019.06.08-04.41.44:140][  0]LogInit: Initializing FReadOnlyCVARCache
[2019.06.08-04.41.44:164][  0]LogAIModule: Creating AISystem for world Untitled
[2019.06.08-04.41.44:206][  0]LogInit: XAudio2 using 'Speakers (Realtek High Definition Audio)' : 2 channels at 48 kHz using 32 bits per sample (channel mask 0x3)
[2019.06.08-04.41.44:224][  0]LogInit: FAudioDevice initialized.
[2019.06.08-04.41.44:224][  0]LogNetVersion: Set ProjectVersion to 1.0.0.0. Version Checksum will be recalculated on next use.
[2019.06.08-04.41.44:368][  0]LogDerivedDataCache: Saved boot cache 0.14s 74MB C:/Users/nebul/AppData/Local/UnrealEngine/4.22/DerivedDataCache/Boot.ddc.
[2019.06.08-04.41.44:380][  0]LogInit: Texture streaming: Enabled
[2019.06.08-04.41.44:405][  0]LogEngineSessionManager: EngineSessionManager initialized
[2019.06.08-04.41.44:406][  0]LogEngineSessionManager: EngineSessionManager sent abnormal shutdown report. Type=Crashed, SessionId={1532359F-41D8-E967-EB2E-A999F62CE882}
[2019.06.08-04.41.44:435][  0]LogInit: Transaction tracking system initialized
[2019.06.08-04.41.44:469][  0]BlueprintLog: New page: Editor Load
[2019.06.08-04.41.44:574][  0]LocalizationService: Localization service is disabled
[2019.06.08-04.41.44:911][  0]LogFileCache: Scanning file cache for directory 'C:/Users/nebul/Documents/GitHub/Shadow-Game/ShadowGame/Content/' took 0.01s
[2019.06.08-04.41.44:911][  0]LogCook: Display: Max memory allowance for cook 16384mb min free memory 0mb
[2019.06.08-04.41.44:911][  0]LogCook: Display: Mobile HDR setting 1
[2019.06.08-04.41.45:121][  0]Cmd: MAP LOAD FILE="../../../../../../Users/nebul/Documents/GitHub/Shadow-Game/ShadowGame/Content/FirstPersonCPP/Maps/FirstPersonExampleMap.umap" TEMPLATE=0 SHOWPROGRESS=1 FEATURELEVEL=3
[2019.06.08-04.41.45:121][  0]LightingResults: New page: Lighting Build
[2019.06.08-04.41.45:124][  0]MapCheck: New page: Map Check
[2019.06.08-04.41.45:124][  0]LightingResults: New page: Lighting Build
[2019.06.08-04.41.45:152][  0]LogUObjectHash: Compacting FUObjectHashTables data took   1.93ms
[2019.06.08-04.41.45:243][  0]LogAIModule: Creating AISystem for world FirstPersonExampleMap
[2019.06.08-04.41.45:252][  0]LogEditorServer: Finished looking for orphan Actors (0.000 secs)
[2019.06.08-04.41.45:279][  0]LogUObjectHash: Compacting FUObjectHashTables data took   1.96ms
[2019.06.08-04.41.45:279][  0]Cmd: MAP CHECKDEP NOCLEARLOG
[2019.06.08-04.41.45:279][  0]MapCheck: Map check complete: 0 Error(s), 0 Warning(s), took 0.149ms to complete.
[2019.06.08-04.41.45:279][  0]LogFileHelpers: Loading map 'FirstPersonExampleMap' took 0.158
[2019.06.08-04.41.45:393][  0]LogSlate: Updating window title bar state: overlay mode, drag disabled, window buttons hidden, title bar hidden
[2019.06.08-04.41.45:403][  0]LogSlate: Updating window title bar state: overlay mode, drag disabled, window buttons hidden, title bar hidden
[2019.06.08-04.41.45:413][  0]LogSlate: Updating window title bar state: overlay mode, drag disabled, window buttons hidden, title bar hidden
[2019.06.08-04.41.45:429][  0]LogSlate: Updating window title bar state: overlay mode, drag disabled, window buttons hidden, title bar hidden
[2019.06.08-04.41.45:439][  0]LogCollectionManager: Loaded 0 collections in 0.002939 seconds
[2019.06.08-04.41.45:457][  0]LogFileCache: Scanning file cache for directory 'C:/Users/nebul/Documents/GitHub/Shadow-Game/ShadowGame/Saved/Collections/' took 0.01s
[2019.06.08-04.41.45:457][  0]LogFileCache: Scanning file cache for directory 'C:/Users/nebul/Documents/GitHub/Shadow-Game/ShadowGame/Content/Developers/nebul/Collections/' took 0.00s
[2019.06.08-04.41.45:457][  0]LogFileCache: Scanning file cache for directory 'C:/Users/nebul/Documents/GitHub/Shadow-Game/ShadowGame/Content/Collections/' took 0.00s
[2019.06.08-04.41.45:457][  0]LogCollectionManager: Rebuilt the GUID cache for 0 collections in 0.000000 seconds
[2019.06.08-04.41.45:474][  0]LogContentBrowser: Native class hierarchy populated in 0.0165 seconds. Added 2740 classes and 661 folders.
[2019.06.08-04.41.45:485][  0]LogContentBrowser: Native class hierarchy updated for 'WidgetCarousel' in 0.0004 seconds. Added 0 classes and 0 folders.
[2019.06.08-04.41.45:488][  0]LogPakFile: Registered encryption key '00000000000000000000000000000000': 0 pak files mounted, 0 remain pending
[2019.06.08-04.41.45:489][  0]LogPakFile: Registered encryption key '00000000000000000000000000000000': 0 pak files mounted, 0 remain pending
[2019.06.08-04.41.45:490][  0]LogPakFile: Registered encryption key '00000000000000000000000000000000': 0 pak files mounted, 0 remain pending
[2019.06.08-04.41.45:490][  0]LogPakFile: Registered encryption key '00000000000000000000000000000000': 0 pak files mounted, 0 remain pending
[2019.06.08-04.41.45:491][  0]LogPakFile: Registered encryption key '00000000000000000000000000000000': 0 pak files mounted, 0 remain pending
[2019.06.08-04.41.45:492][  0]LogPakFile: Registered encryption key '00000000000000000000000000000000': 0 pak files mounted, 0 remain pending
[2019.06.08-04.41.45:493][  0]LogPakFile: Registered encryption key '00000000000000000000000000000000': 0 pak files mounted, 0 remain pending
[2019.06.08-04.41.45:493][  0]LogPakFile: Registered encryption key '00000000000000000000000000000000': 0 pak files mounted, 0 remain pending
[2019.06.08-04.41.45:494][  0]LogPakFile: Registered encryption key '00000000000000000000000000000000': 0 pak files mounted, 0 remain pending
[2019.06.08-04.41.45:494][  0]LogPakFile: Registered encryption key '00000000000000000000000000000000': 0 pak files mounted, 0 remain pending
[2019.06.08-04.41.45:495][  0]LogPakFile: Registered encryption key '00000000000000000000000000000000': 0 pak files mounted, 0 remain pending
[2019.06.08-04.41.45:495][  0]LogPakFile: Registered encryption key '00000000000000000000000000000000': 0 pak files mounted, 0 remain pending
[2019.06.08-04.41.45:496][  0]LogPakFile: Registered encryption key '00000000000000000000000000000000': 0 pak files mounted, 0 remain pending
[2019.06.08-04.41.45:497][  0]LogPakFile: Registered encryption key '00000000000000000000000000000000': 0 pak files mounted, 0 remain pending
[2019.06.08-04.41.45:497][  0]LogPakFile: Registered encryption key '00000000000000000000000000000000': 0 pak files mounted, 0 remain pending
[2019.06.08-04.41.45:498][  0]LogPakFile: Registered encryption key '00000000000000000000000000000000': 0 pak files mounted, 0 remain pending
[2019.06.08-04.41.45:498][  0]LogPakFile: Registered encryption key '00000000000000000000000000000000': 0 pak files mounted, 0 remain pending
[2019.06.08-04.41.45:499][  0]LogPakFile: Registered encryption key '00000000000000000000000000000000': 0 pak files mounted, 0 remain pending
[2019.06.08-04.41.45:500][  0]LogPakFile: Registered encryption key '00000000000000000000000000000000': 0 pak files mounted, 0 remain pending
[2019.06.08-04.41.45:501][  0]LogPakFile: Registered encryption key '00000000000000000000000000000000': 0 pak files mounted, 0 remain pending
[2019.06.08-04.41.45:501][  0]LogPakFile: Registered encryption key '00000000000000000000000000000000': 0 pak files mounted, 0 remain pending
[2019.06.08-04.41.45:502][  0]LogPakFile: Registered encryption key '00000000000000000000000000000000': 0 pak files mounted, 0 remain pending
[2019.06.08-04.41.45:503][  0]LogPakFile: Registered encryption key '00000000000000000000000000000000': 0 pak files mounted, 0 remain pending
[2019.06.08-04.41.45:504][  0]LogPakFile: Registered encryption key '00000000000000000000000000000000': 0 pak files mounted, 0 remain pending
[2019.06.08-04.41.45:504][  0]LogPakFile: Registered encryption key '00000000000000000000000000000000': 0 pak files mounted, 0 remain pending
[2019.06.08-04.41.45:505][  0]LogPakFile: Registered encryption key '00000000000000000000000000000000': 0 pak files mounted, 0 remain pending
[2019.06.08-04.41.45:554][  0]LogContentBrowser: Native class hierarchy updated for 'AddContentDialog' in 0.0006 seconds. Added 0 classes and 0 folders.
[2019.06.08-04.41.45:562][  0]LogContentBrowser: Native class hierarchy updated for 'SceneOutliner' in 0.0004 seconds. Added 1 classes and 2 folders.
[2019.06.08-04.41.45:646][  0]LogSlate: Took 0.000173 seconds to synchronously load lazily loaded font '../../../Engine/Content/Slate/Fonts/Roboto-Regular.ttf' (155K)
[2019.06.08-04.41.45:648][  0]LogSlate: Took 0.000151 seconds to synchronously load lazily loaded font '../../../Engine/Content/Slate/Fonts/Roboto-Bold.ttf' (160K)
[2019.06.08-04.41.45:654][  0]LogSlate: Took 0.000187 seconds to synchronously load lazily loaded font '../../../Engine/Content/Editor/Slate/Fonts/FontAwesome.ttf' (139K)
[2019.06.08-04.41.45:721][  0]LogRenderer: Reallocating scene render targets to support 824x440 Format 10 NumSamples 1 (Frame:1).
[2019.06.08-04.41.45:773][  0]LogSlate: Took 0.000175 seconds to synchronously load lazily loaded font '../../../Engine/Content/Slate/Fonts/Roboto-Light.ttf' (167K)
[2019.06.08-04.41.45:890][  0]LogContentBrowser: Native class hierarchy updated for 'HierarchicalLODOutliner' in 0.0004 seconds. Added 0 classes and 0 folders.
[2019.06.08-04.41.45:890][  0]LogLoad: (Engine Initialization) Total time: 10.35 seconds
[2019.06.08-04.41.45:890][  0]LogLoad: (Engine Initialization) Total Blueprint compile time: 0.00 seconds
[2019.06.08-04.41.45:911][  0]LogWindowsTextInputMethodSystem: Display: IME system now deactivated.
[2019.06.08-04.41.45:935][  0]LogAssetRegistry: Asset discovery search completed in 5.7289 seconds
[2019.06.08-04.41.45:938][  0]LogCollectionManager: Rebuilt the object cache for 0 collections in 0.000000 seconds (found 0 objects)
[2019.06.08-04.41.45:938][  0]LogCollectionManager: Fixed up redirectors for 0 collections in 0.000084 seconds (updated 0 objects)
[2019.06.08-04.41.45:939][  0]LogContentStreaming: Texture pool size now 1000 MB
[2019.06.08-04.41.47:691][100]LogSlate: FSceneViewport::OnFocusLost() reason 0
[2019.06.08-04.41.47:792][105]Candidate modules for hot reload:
[2019.06.08-04.41.47:792][105]  ShadowGame
[2019.06.08-04.41.47:792][105]Launching UnrealBuildTool... [C:/Program Files/Epic Games/UE_4.22/Engine/Binaries/DotNET/UnrealBuildTool.exe  -ModuleWithSuffix=ShadowGame,7810 Win64 Development -TargetType=Editor -Project="C:/Users/nebul/Documents/GitHub/Shadow-Game/ShadowGame/ShadowGame.uproject" "C:/Users/nebul/Documents/GitHub/Shadow-Game/ShadowGame/ShadowGame.uproject"  -IgnoreJunk]
[2019.06.08-04.41.47:794][105]Warning: Starting HotReload took  0.0s.
[2019.06.08-04.41.59:926][162]CompilerResultsLog: New page: Compilation - Jun 7, 2019, 2:41:59 PM
[2019.06.08-04.41.59:926][162]CompilerResultsLog: Using 'git status' to determine working set for adaptive non-unity build (C:\Users\nebul\Documents\GitHub\Shadow-Game).
[2019.06.08-04.41.59:926][162]CompilerResultsLog: Creating makefile for ShadowGameEditor (ini files are newer than makefile)
[2019.06.08-04.41.59:926][162]CompilerResultsLog: Parsing headers for ShadowGameEditor
[2019.06.08-04.41.59:926][162]CompilerResultsLog:   Running UnrealHeaderTool "C:\Users\nebul\Documents\GitHub\Shadow-Game\ShadowGame\ShadowGame.uproject" "C:\Users\nebul\Documents\GitHub\Shadow-Game\ShadowGame\Intermediate\Build\Win64\ShadowGameEditor\Development\ShadowGameEditor.uhtmanifest" -LogCmds="loginit warning, logexit warning, logdatabase error" -Unattended -WarningsAsErrors -installed
[2019.06.08-04.41.59:926][162]CompilerResultsLog: Reflection code generated for ShadowGameEditor in 7.1852861 seconds
[2019.06.08-04.41.59:926][162]CompilerResultsLog: Using Visual Studio 2019 14.20.27508 toolchain (C:\Program Files (x86)\Microsoft Visual Studio\2019\Community\VC\Tools\MSVC\14.20.27508) and Windows 10.0.17763.0 SDK (C:\Program Files (x86)\Windows Kits\10).
[2019.06.08-04.41.59:926][162]CompilerResultsLog: Building 4 actions with 8 processes...
[2019.06.08-04.41.59:926][162]CompilerResultsLog:   [1/4] PLStealth.cpp
[2019.06.08-04.41.59:926][162]CompilerResultsLog:   C:\Users\nebul\Documents\GitHub\Shadow-Game\ShadowGame\Source\ShadowGame\PLStealth.cpp(32): warning C4458: declaration of 'Player' hides class member
[2019.06.08-04.41.59:926][162]CompilerResultsLog:   C:\Users\nebul\Documents\GitHub\Shadow-Game\ShadowGame\Source\ShadowGame\PLStealth.h(21): note: see declaration of 'APLStealth::Player'
[2019.06.08-04.41.59:926][162]CompilerResultsLog:   [2/4] UE4Editor-ShadowGame-7810.lib
[2019.06.08-04.41.59:926][162]CompilerResultsLog:      Creating library C:\Users\nebul\Documents\GitHub\Shadow-Game\ShadowGame\Intermediate\Build\Win64\UE4Editor\Development\ShadowGame\UE4Editor-ShadowGame-7810.lib and object C:\Users\nebul\Documents\GitHub\Shadow-Game\ShadowGame\Intermediate\Build\Win64\UE4Editor\Development\ShadowGame\UE4Editor-ShadowGame-7810.exp
[2019.06.08-04.41.59:926][162]CompilerResultsLog:   [3/4] UE4Editor-ShadowGame-7810.dll
[2019.06.08-04.41.59:926][162]CompilerResultsLog:      Creating library C:\Users\nebul\Documents\GitHub\Shadow-Game\ShadowGame\Intermediate\Build\Win64\UE4Editor\Development\ShadowGame\UE4Editor-ShadowGame-7810.suppressed.lib and object C:\Users\nebul\Documents\GitHub\Shadow-Game\ShadowGame\Intermediate\Build\Win64\UE4Editor\Development\ShadowGame\UE4Editor-ShadowGame-7810.suppressed.exp
[2019.06.08-04.41.59:926][162]CompilerResultsLog:   [4/4] ShadowGameEditor.target
[2019.06.08-04.41.59:926][162]CompilerResultsLog: Total time in Parallel executor: 2.24 seconds
[2019.06.08-04.41.59:926][162]CompilerResultsLog: Total execution time: 11.91 seconds
[2019.06.08-04.41.59:926][162]LogMainFrame: MainFrame: Module compiling took 12.139 seconds
[2019.06.08-04.41.59:951][162]LogUObjectHash: Compacting FUObjectHashTables data took   0.62ms
[2019.06.08-04.41.59:981][162]LogHotReload: Re-instancing MyPawn after hot-reload.
[2019.06.08-04.42.00:079][162]LogContentBrowser: Native class hierarchy updated for 'ShadowGame' in 0.0005 seconds. Added 8 classes and 2 folders.
[2019.06.08-04.42.00:081][162]Display: HotReload successful (1 functions remapped  0 scriptstructs remapped)
[2019.06.08-04.42.00:209][162]LogUObjectHash: Compacting FUObjectHashTables data took   1.50ms
[2019.06.08-04.42.00:225][162]LogContentBrowser: Native class hierarchy populated in 0.0108 seconds. Added 2741 classes and 663 folders.
[2019.06.08-04.42.00:225][162]Display: HotReload took 12.4s.
[2019.06.08-04.42.08:310][246]LogTemp: Repeating last play command: Selected Viewport
[2019.06.08-04.42.08:333][246]LogBlueprintUserMessages: Early PlayInEditor Detection: Level '/Game/FirstPersonCPP/Maps/FirstPersonExampleMap.FirstPersonExampleMap:PersistentLevel' has LevelScriptBlueprint '/Game/FirstPersonCPP/Maps/FirstPersonExampleMap.FirstPersonExampleMap:PersistentLevel.FirstPersonExampleMap' with GeneratedClass '/Game/FirstPersonCPP/Maps/FirstPersonExampleMap.FirstPersonExampleMap_C' with ClassGeneratedBy '/Game/FirstPersonCPP/Maps/FirstPersonExampleMap.FirstPersonExampleMap:PersistentLevel.FirstPersonExampleMap'
[2019.06.08-04.42.08:333][246]LogPlayLevel: PlayLevel: No blueprints needed recompiling
[2019.06.08-04.42.08:333][246]PIE: New page: PIE session: FirstPersonExampleMap (Jun 7, 2019, 2:42:08 PM)
[2019.06.08-04.42.08:347][246]LogPlayLevel: Creating play world package: /Game/FirstPersonCPP/Maps/UEDPIE_0_FirstPersonExampleMap
[2019.06.08-04.42.08:368][246]LogPlayLevel: PIE: StaticDuplicateObject took: (0.020526s)
[2019.06.08-04.42.08:368][246]LogAIModule: Creating AISystem for world FirstPersonExampleMap
[2019.06.08-04.42.08:368][246]LogPlayLevel: PIE: World Init took: (0.000651s)
[2019.06.08-04.42.08:369][246]LogPlayLevel: PIE: Created PIE world by copying editor world from /Game/FirstPersonCPP/Maps/FirstPersonExampleMap.FirstPersonExampleMap to /Game/FirstPersonCPP/Maps/UEDPIE_0_FirstPersonExampleMap.FirstPersonExampleMap (0.021605s)
[2019.06.08-04.42.08:393][246]LogUObjectHash: Compacting FUObjectHashTables data took   1.08ms
[2019.06.08-04.42.08:396][246]LogInit: XAudio2 using 'Speakers (Realtek High Definition Audio)' : 2 channels at 48 kHz using 32 bits per sample (channel mask 0x3)
[2019.06.08-04.42.08:412][246]LogInit: FAudioDevice initialized.
[2019.06.08-04.42.08:454][246]LogLoad: Game class is 'ShadowGameGameMode'
[2019.06.08-04.42.08:456][246]LogWorld: Bringing World /Game/FirstPersonCPP/Maps/UEDPIE_0_FirstPersonExampleMap.FirstPersonExampleMap up for play (max tick rate 60) at 2019.06.07-21.42.08
[2019.06.08-04.42.08:457][246]LogWorld: Bringing up level for play took: 0.002033
[2019.06.08-04.42.08:506][246]LogContentBrowser: Native class hierarchy updated for 'MovieSceneCapture' in 0.0004 seconds. Added 20 classes and 0 folders.
[2019.06.08-04.42.08:506][246]PIE: Play in editor start time for /Game/FirstPersonCPP/Maps/UEDPIE_0_FirstPersonExampleMap -0.07
[2019.06.08-04.42.08:507][246]LogBlueprintUserMessages: Late PlayInEditor Detection: Level '/Game/FirstPersonCPP/Maps/FirstPersonExampleMap.FirstPersonExampleMap:PersistentLevel' has LevelScriptBlueprint '/Game/FirstPersonCPP/Maps/FirstPersonExampleMap.FirstPersonExampleMap:PersistentLevel.FirstPersonExampleMap' with GeneratedClass '/Game/FirstPersonCPP/Maps/FirstPersonExampleMap.FirstPersonExampleMap_C' with ClassGeneratedBy '/Game/FirstPersonCPP/Maps/FirstPersonExampleMap.FirstPersonExampleMap:PersistentLevel.FirstPersonExampleMap'
[2019.06.08-04.46.19:789][688]LogBlueprintUserMessages: Early EndPlayMap Detection: Level '/Game/FirstPersonCPP/Maps/FirstPersonExampleMap.FirstPersonExampleMap:PersistentLevel' has LevelScriptBlueprint '/Game/FirstPersonCPP/Maps/FirstPersonExampleMap.FirstPersonExampleMap:PersistentLevel.FirstPersonExampleMap' with GeneratedClass '/Game/FirstPersonCPP/Maps/FirstPersonExampleMap.FirstPersonExampleMap_C' with ClassGeneratedBy '/Game/FirstPersonCPP/Maps/FirstPersonExampleMap.FirstPersonExampleMap:PersistentLevel.FirstPersonExampleMap'
[2019.06.08-04.46.19:789][688]LogSlate: Updating window title bar state: overlay mode, drag disabled, window buttons hidden, title bar hidden
[2019.06.08-04.46.19:821][688]LogPlayLevel: Display: Shutting down PIE online subsystems
[2019.06.08-04.46.19:821][688]LogBlueprintUserMessages: Late EndPlayMap Detection: Level '/Game/FirstPersonCPP/Maps/FirstPersonExampleMap.FirstPersonExampleMap:PersistentLevel' has LevelScriptBlueprint '/Game/FirstPersonCPP/Maps/FirstPersonExampleMap.FirstPersonExampleMap:PersistentLevel.FirstPersonExampleMap' with GeneratedClass '/Game/FirstPersonCPP/Maps/FirstPersonExampleMap.FirstPersonExampleMap_C' with ClassGeneratedBy '/Game/FirstPersonCPP/Maps/FirstPersonExampleMap.FirstPersonExampleMap:PersistentLevel.FirstPersonExampleMap'
[2019.06.08-04.46.19:850][688]LogSlate: Updating window title bar state: overlay mode, drag disabled, window buttons hidden, title bar hidden
[2019.06.08-04.46.19:853][688]LogUObjectHash: Compacting FUObjectHashTables data took   1.49ms
[2019.06.08-04.46.19:897][690]LogPlayLevel: Display: Destroying online subsystem :Context_1
[2019.06.08-04.46.20:796][744]LogSlate: FSceneViewport::OnFocusLost() reason 0
[2019.06.08-04.46.20:892][749]Candidate modules for hot reload:
[2019.06.08-04.46.20:892][749]  ShadowGame
[2019.06.08-04.46.20:893][749]Launching UnrealBuildTool... [C:/Program Files/Epic Games/UE_4.22/Engine/Binaries/DotNET/UnrealBuildTool.exe  -ModuleWithSuffix=ShadowGame,9596 Win64 Development -TargetType=Editor -Project="C:/Users/nebul/Documents/GitHub/Shadow-Game/ShadowGame/ShadowGame.uproject" "C:/Users/nebul/Documents/GitHub/Shadow-Game/ShadowGame/ShadowGame.uproject"  -IgnoreJunk]
[2019.06.08-04.46.20:897][749]Warning: Starting HotReload took  0.0s.
[2019.06.08-04.46.33:894][801]CompilerResultsLog: New page: Compilation - Jun 7, 2019, 2:46:33 PM
[2019.06.08-04.46.33:895][801]CompilerResultsLog: Using 'git status' to determine working set for adaptive non-unity build (C:\Users\nebul\Documents\GitHub\Shadow-Game).
[2019.06.08-04.46.33:895][801]CompilerResultsLog: Creating makefile for ShadowGameEditor (ini files are newer than makefile)
[2019.06.08-04.46.33:895][801]CompilerResultsLog: Parsing headers for ShadowGameEditor
[2019.06.08-04.46.33:895][801]CompilerResultsLog:   Running UnrealHeaderTool "C:\Users\nebul\Documents\GitHub\Shadow-Game\ShadowGame\ShadowGame.uproject" "C:\Users\nebul\Documents\GitHub\Shadow-Game\ShadowGame\Intermediate\Build\Win64\ShadowGameEditor\Development\ShadowGameEditor.uhtmanifest" -LogCmds="loginit warning, logexit warning, logdatabase error" -Unattended -WarningsAsErrors -installed
[2019.06.08-04.46.33:895][801]CompilerResultsLog: Reflection code generated for ShadowGameEditor in 7.2686429 seconds
[2019.06.08-04.46.33:895][801]CompilerResultsLog: Using Visual Studio 2019 14.20.27508 toolchain (C:\Program Files (x86)\Microsoft Visual Studio\2019\Community\VC\Tools\MSVC\14.20.27508) and Windows 10.0.17763.0 SDK (C:\Program Files (x86)\Windows Kits\10).
[2019.06.08-04.46.33:895][801]CompilerResultsLog: Building 5 actions with 8 processes...
[2019.06.08-04.46.33:895][801]CompilerResultsLog:   [1/5] PLStealth.cpp
[2019.06.08-04.46.33:895][801]CompilerResultsLog:   C:\Users\nebul\Documents\GitHub\Shadow-Game\ShadowGame\Source\ShadowGame\PLStealth.cpp(32): warning C4458: declaration of 'Player' hides class member
[2019.06.08-04.46.33:895][801]CompilerResultsLog:   C:\Users\nebul\Documents\GitHub\Shadow-Game\ShadowGame\Source\ShadowGame\PLStealth.h(21): note: see declaration of 'APLStealth::Player'
[2019.06.08-04.46.33:895][801]CompilerResultsLog:   [2/5] MyPawn.cpp
[2019.06.08-04.46.33:895][801]CompilerResultsLog:   [3/5] UE4Editor-ShadowGame-9596.lib
[2019.06.08-04.46.33:895][801]CompilerResultsLog:      Creating library C:\Users\nebul\Documents\GitHub\Shadow-Game\ShadowGame\Intermediate\Build\Win64\UE4Editor\Development\ShadowGame\UE4Editor-ShadowGame-9596.lib and object C:\Users\nebul\Documents\GitHub\Shadow-Game\ShadowGame\Intermediate\Build\Win64\UE4Editor\Development\ShadowGame\UE4Editor-ShadowGame-9596.exp
[2019.06.08-04.46.33:895][801]CompilerResultsLog:   [4/5] UE4Editor-ShadowGame-9596.dll
[2019.06.08-04.46.33:895][801]CompilerResultsLog:      Creating library C:\Users\nebul\Documents\GitHub\Shadow-Game\ShadowGame\Intermediate\Build\Win64\UE4Editor\Development\ShadowGame\UE4Editor-ShadowGame-9596.suppressed.lib and object C:\Users\nebul\Documents\GitHub\Shadow-Game\ShadowGame\Intermediate\Build\Win64\UE4Editor\Development\ShadowGame\UE4Editor-ShadowGame-9596.suppressed.exp
[2019.06.08-04.46.33:895][801]CompilerResultsLog:   [5/5] ShadowGameEditor.target
[2019.06.08-04.46.33:895][801]CompilerResultsLog: Total time in Parallel executor: 2.95 seconds
[2019.06.08-04.46.33:895][801]CompilerResultsLog: Total execution time: 12.78 seconds
[2019.06.08-04.46.33:895][801]LogMainFrame: MainFrame: Module compiling took 13.007 seconds
[2019.06.08-04.46.33:920][801]LogUObjectHash: Compacting FUObjectHashTables data took   0.54ms
[2019.06.08-04.46.33:948][801]LogHotReload: Re-instancing MyPawn after hot-reload.
[2019.06.08-04.46.34:031][801]LogContentBrowser: Native class hierarchy updated for 'ShadowGame' in 0.0008 seconds. Added 8 classes and 2 folders.
[2019.06.08-04.46.34:034][801]Display: HotReload successful (1 functions remapped  0 scriptstructs remapped)
[2019.06.08-04.46.34:091][801]LogUObjectHash: Compacting FUObjectHashTables data took   1.55ms
[2019.06.08-04.46.34:105][801]LogContentBrowser: Native class hierarchy populated in 0.0098 seconds. Added 2741 classes and 663 folders.
[2019.06.08-04.46.34:105][801]Display: HotReload took 13.2s.
[2019.06.08-04.46.36:309][869]LogTemp: Repeating last play command: Selected Viewport
[2019.06.08-04.46.36:327][869]LogBlueprintUserMessages: Early PlayInEditor Detection: Level '/Game/FirstPersonCPP/Maps/FirstPersonExampleMap.FirstPersonExampleMap:PersistentLevel' has LevelScriptBlueprint '/Game/FirstPersonCPP/Maps/FirstPersonExampleMap.FirstPersonExampleMap:PersistentLevel.FirstPersonExampleMap' with GeneratedClass '/Game/FirstPersonCPP/Maps/FirstPersonExampleMap.FirstPersonExampleMap_C' with ClassGeneratedBy '/Game/FirstPersonCPP/Maps/FirstPersonExampleMap.FirstPersonExampleMap:PersistentLevel.FirstPersonExampleMap'
[2019.06.08-04.46.36:327][869]LogPlayLevel: PlayLevel: No blueprints needed recompiling
[2019.06.08-04.46.36:327][869]PIE: New page: PIE session: FirstPersonExampleMap (Jun 7, 2019, 2:46:36 PM)
[2019.06.08-04.46.36:327][869]LogPlayLevel: Creating play world package: /Game/FirstPersonCPP/Maps/UEDPIE_0_FirstPersonExampleMap
[2019.06.08-04.46.36:343][869]LogPlayLevel: PIE: StaticDuplicateObject took: (0.015264s)
[2019.06.08-04.46.36:343][869]LogAIModule: Creating AISystem for world FirstPersonExampleMap
[2019.06.08-04.46.36:343][869]LogPlayLevel: PIE: World Init took: (0.000800s)
[2019.06.08-04.46.36:344][869]LogPlayLevel: PIE: Created PIE world by copying editor world from /Game/FirstPersonCPP/Maps/FirstPersonExampleMap.FirstPersonExampleMap to /Game/FirstPersonCPP/Maps/UEDPIE_0_FirstPersonExampleMap.FirstPersonExampleMap (0.016266s)
[2019.06.08-04.46.36:373][869]LogUObjectHash: Compacting FUObjectHashTables data took   1.59ms
[2019.06.08-04.46.36:376][869]LogInit: XAudio2 using 'Speakers (Realtek High Definition Audio)' : 2 channels at 48 kHz using 32 bits per sample (channel mask 0x3)
[2019.06.08-04.46.36:395][869]LogInit: FAudioDevice initialized.
[2019.06.08-04.46.36:430][869]LogLoad: Game class is 'ShadowGameGameMode'
[2019.06.08-04.46.36:432][869]LogWorld: Bringing World /Game/FirstPersonCPP/Maps/UEDPIE_0_FirstPersonExampleMap.FirstPersonExampleMap up for play (max tick rate 60) at 2019.06.07-21.46.36
[2019.06.08-04.46.36:432][869]LogWorld: Bringing up level for play took: 0.001386
[2019.06.08-04.46.36:445][869]PIE: Play in editor start time for /Game/FirstPersonCPP/Maps/UEDPIE_0_FirstPersonExampleMap -0.132
[2019.06.08-04.46.36:445][869]LogBlueprintUserMessages: Late PlayInEditor Detection: Level '/Game/FirstPersonCPP/Maps/FirstPersonExampleMap.FirstPersonExampleMap:PersistentLevel' has LevelScriptBlueprint '/Game/FirstPersonCPP/Maps/FirstPersonExampleMap.FirstPersonExampleMap:PersistentLevel.FirstPersonExampleMap' with GeneratedClass '/Game/FirstPersonCPP/Maps/FirstPersonExampleMap.FirstPersonExampleMap_C' with ClassGeneratedBy '/Game/FirstPersonCPP/Maps/FirstPersonExampleMap.FirstPersonExampleMap:PersistentLevel.FirstPersonExampleMap'
[2019.06.08-04.46.48:967][619]LogBlueprintUserMessages: Early EndPlayMap Detection: Level '/Game/FirstPersonCPP/Maps/FirstPersonExampleMap.FirstPersonExampleMap:PersistentLevel' has LevelScriptBlueprint '/Game/FirstPersonCPP/Maps/FirstPersonExampleMap.FirstPersonExampleMap:PersistentLevel.FirstPersonExampleMap' with GeneratedClass '/Game/FirstPersonCPP/Maps/FirstPersonExampleMap.FirstPersonExampleMap_C' with ClassGeneratedBy '/Game/FirstPersonCPP/Maps/FirstPersonExampleMap.FirstPersonExampleMap:PersistentLevel.FirstPersonExampleMap'
[2019.06.08-04.46.48:967][619]LogSlate: Updating window title bar state: overlay mode, drag disabled, window buttons hidden, title bar hidden
[2019.06.08-04.46.48:998][619]LogPlayLevel: Display: Shutting down PIE online subsystems
[2019.06.08-04.46.48:998][619]LogBlueprintUserMessages: Late EndPlayMap Detection: Level '/Game/FirstPersonCPP/Maps/FirstPersonExampleMap.FirstPersonExampleMap:PersistentLevel' has LevelScriptBlueprint '/Game/FirstPersonCPP/Maps/FirstPersonExampleMap.FirstPersonExampleMap:PersistentLevel.FirstPersonExampleMap' with GeneratedClass '/Game/FirstPersonCPP/Maps/FirstPersonExampleMap.FirstPersonExampleMap_C' with ClassGeneratedBy '/Game/FirstPersonCPP/Maps/FirstPersonExampleMap.FirstPersonExampleMap:PersistentLevel.FirstPersonExampleMap'
[2019.06.08-04.46.49:026][619]LogSlate: Updating window title bar state: overlay mode, drag disabled, window buttons hidden, title bar hidden
[2019.06.08-04.46.49:030][619]LogUObjectHash: Compacting FUObjectHashTables data took   1.06ms
[2019.06.08-04.46.49:080][622]LogPlayLevel: Display: Destroying online subsystem :Context_2
[2019.06.08-04.47.04:429][735]LogSlate: FSceneViewport::OnFocusLost() reason 0
[2019.06.08-04.47.04:524][740]Candidate modules for hot reload:
[2019.06.08-04.47.04:524][740]  ShadowGame
[2019.06.08-04.47.04:524][740]Launching UnrealBuildTool... [C:/Program Files/Epic Games/UE_4.22/Engine/Binaries/DotNET/UnrealBuildTool.exe  -ModuleWithSuffix=ShadowGame,605 Win64 Development -TargetType=Editor -Project="C:/Users/nebul/Documents/GitHub/Shadow-Game/ShadowGame/ShadowGame.uproject" "C:/Users/nebul/Documents/GitHub/Shadow-Game/ShadowGame/ShadowGame.uproject"  -IgnoreJunk]
[2019.06.08-04.47.04:527][740]Warning: Starting HotReload took  0.0s.
[2019.06.08-04.47.17:273][135]CompilerResultsLog: New page: Compilation - Jun 7, 2019, 2:47:17 PM
[2019.06.08-04.47.17:273][135]CompilerResultsLog: Using 'git status' to determine working set for adaptive non-unity build (C:\Users\nebul\Documents\GitHub\Shadow-Game).
[2019.06.08-04.47.17:273][135]CompilerResultsLog: Creating makefile for ShadowGameEditor (ini files are newer than makefile)
[2019.06.08-04.47.17:273][135]CompilerResultsLog: Parsing headers for ShadowGameEditor
[2019.06.08-04.47.17:273][135]CompilerResultsLog:   Running UnrealHeaderTool "C:\Users\nebul\Documents\GitHub\Shadow-Game\ShadowGame\ShadowGame.uproject" "C:\Users\nebul\Documents\GitHub\Shadow-Game\ShadowGame\Intermediate\Build\Win64\ShadowGameEditor\Development\ShadowGameEditor.uhtmanifest" -LogCmds="loginit warning, logexit warning, logdatabase error" -Unattended -WarningsAsErrors -installed
[2019.06.08-04.47.17:273][135]CompilerResultsLog: Reflection code generated for ShadowGameEditor in 6.8941216 seconds
[2019.06.08-04.47.17:273][135]CompilerResultsLog: Using Visual Studio 2019 14.20.27508 toolchain (C:\Program Files (x86)\Microsoft Visual Studio\2019\Community\VC\Tools\MSVC\14.20.27508) and Windows 10.0.17763.0 SDK (C:\Program Files (x86)\Windows Kits\10).
[2019.06.08-04.47.17:273][135]CompilerResultsLog: Building 4 actions with 8 processes...
[2019.06.08-04.47.17:273][135]CompilerResultsLog:   [1/4] MyPawn.cpp
[2019.06.08-04.47.17:273][135]CompilerResultsLog:   [2/4] UE4Editor-ShadowGame-0605.lib
[2019.06.08-04.47.17:273][135]CompilerResultsLog:      Creating library C:\Users\nebul\Documents\GitHub\Shadow-Game\ShadowGame\Intermediate\Build\Win64\UE4Editor\Development\ShadowGame\UE4Editor-ShadowGame-0605.lib and object C:\Users\nebul\Documents\GitHub\Shadow-Game\ShadowGame\Intermediate\Build\Win64\UE4Editor\Development\ShadowGame\UE4Editor-ShadowGame-0605.exp
[2019.06.08-04.47.17:273][135]CompilerResultsLog:   [3/4] UE4Editor-ShadowGame-0605.dll
[2019.06.08-04.47.17:273][135]CompilerResultsLog:      Creating library C:\Users\nebul\Documents\GitHub\Shadow-Game\ShadowGame\Intermediate\Build\Win64\UE4Editor\Development\ShadowGame\UE4Editor-ShadowGame-0605.suppressed.lib and object C:\Users\nebul\Documents\GitHub\Shadow-Game\ShadowGame\Intermediate\Build\Win64\UE4Editor\Development\ShadowGame\UE4Editor-ShadowGame-0605.suppressed.exp
[2019.06.08-04.47.17:273][135]CompilerResultsLog:   [4/4] ShadowGameEditor.target
[2019.06.08-04.47.17:273][135]CompilerResultsLog: Total time in Parallel executor: 3.28 seconds
[2019.06.08-04.47.17:273][135]CompilerResultsLog: Total execution time: 12.66 seconds
[2019.06.08-04.47.17:273][135]LogMainFrame: MainFrame: Module compiling took 12.753 seconds
[2019.06.08-04.47.17:301][135]LogUObjectHash: Compacting FUObjectHashTables data took   0.89ms
[2019.06.08-04.47.17:318][135]LogContentBrowser: Native class hierarchy populated in 0.0109 seconds. Added 2741 classes and 663 folders.
[2019.06.08-04.47.17:318][135]Display: HotReload took 12.8s.
[2019.06.08-04.47.20:285][313]LogTemp: Repeating last play command: Selected Viewport
[2019.06.08-04.47.20:302][313]LogBlueprintUserMessages: Early PlayInEditor Detection: Level '/Game/FirstPersonCPP/Maps/FirstPersonExampleMap.FirstPersonExampleMap:PersistentLevel' has LevelScriptBlueprint '/Game/FirstPersonCPP/Maps/FirstPersonExampleMap.FirstPersonExampleMap:PersistentLevel.FirstPersonExampleMap' with GeneratedClass '/Game/FirstPersonCPP/Maps/FirstPersonExampleMap.FirstPersonExampleMap_C' with ClassGeneratedBy '/Game/FirstPersonCPP/Maps/FirstPersonExampleMap.FirstPersonExampleMap:PersistentLevel.FirstPersonExampleMap'
[2019.06.08-04.47.20:302][313]LogPlayLevel: PlayLevel: No blueprints needed recompiling
[2019.06.08-04.47.20:302][313]PIE: New page: PIE session: FirstPersonExampleMap (Jun 7, 2019, 2:47:20 PM)
[2019.06.08-04.47.20:303][313]LogPlayLevel: Creating play world package: /Game/FirstPersonCPP/Maps/UEDPIE_0_FirstPersonExampleMap
[2019.06.08-04.47.20:319][313]LogPlayLevel: PIE: StaticDuplicateObject took: (0.016367s)
[2019.06.08-04.47.20:319][313]LogAIModule: Creating AISystem for world FirstPersonExampleMap
[2019.06.08-04.47.20:319][313]LogPlayLevel: PIE: World Init took: (0.000755s)
[2019.06.08-04.47.20:319][313]LogPlayLevel: PIE: Created PIE world by copying editor world from /Game/FirstPersonCPP/Maps/FirstPersonExampleMap.FirstPersonExampleMap to /Game/FirstPersonCPP/Maps/UEDPIE_0_FirstPersonExampleMap.FirstPersonExampleMap (0.017295s)
[2019.06.08-04.47.20:347][313]LogUObjectHash: Compacting FUObjectHashTables data took   1.33ms
[2019.06.08-04.47.20:350][313]LogInit: XAudio2 using 'Speakers (Realtek High Definition Audio)' : 2 channels at 48 kHz using 32 bits per sample (channel mask 0x3)
[2019.06.08-04.47.20:365][313]LogInit: FAudioDevice initialized.
[2019.06.08-04.47.20:393][313]LogLoad: Game class is 'ShadowGameGameMode'
[2019.06.08-04.47.20:396][313]LogWorld: Bringing World /Game/FirstPersonCPP/Maps/UEDPIE_0_FirstPersonExampleMap.FirstPersonExampleMap up for play (max tick rate 60) at 2019.06.07-21.47.20
[2019.06.08-04.47.20:396][313]LogWorld: Bringing up level for play took: 0.001575
[2019.06.08-04.47.20:409][313]PIE: Play in editor start time for /Game/FirstPersonCPP/Maps/UEDPIE_0_FirstPersonExampleMap -0.168
[2019.06.08-04.47.20:409][313]LogBlueprintUserMessages: Late PlayInEditor Detection: Level '/Game/FirstPersonCPP/Maps/FirstPersonExampleMap.FirstPersonExampleMap:PersistentLevel' has LevelScriptBlueprint '/Game/FirstPersonCPP/Maps/FirstPersonExampleMap.FirstPersonExampleMap:PersistentLevel.FirstPersonExampleMap' with GeneratedClass '/Game/FirstPersonCPP/Maps/FirstPersonExampleMap.FirstPersonExampleMap_C' with ClassGeneratedBy '/Game/FirstPersonCPP/Maps/FirstPersonExampleMap.FirstPersonExampleMap:PersistentLevel.FirstPersonExampleMap'
[2019.06.08-04.48.19:211][839]LogBlueprintUserMessages: Early EndPlayMap Detection: Level '/Game/FirstPersonCPP/Maps/FirstPersonExampleMap.FirstPersonExampleMap:PersistentLevel' has LevelScriptBlueprint '/Game/FirstPersonCPP/Maps/FirstPersonExampleMap.FirstPersonExampleMap:PersistentLevel.FirstPersonExampleMap' with GeneratedClass '/Game/FirstPersonCPP/Maps/FirstPersonExampleMap.FirstPersonExampleMap_C' with ClassGeneratedBy '/Game/FirstPersonCPP/Maps/FirstPersonExampleMap.FirstPersonExampleMap:PersistentLevel.FirstPersonExampleMap'
[2019.06.08-04.48.19:211][839]LogSlate: Updating window title bar state: overlay mode, drag disabled, window buttons hidden, title bar hidden
[2019.06.08-04.48.19:244][839]LogPlayLevel: Display: Shutting down PIE online subsystems
[2019.06.08-04.48.19:244][839]LogBlueprintUserMessages: Late EndPlayMap Detection: Level '/Game/FirstPersonCPP/Maps/FirstPersonExampleMap.FirstPersonExampleMap:PersistentLevel' has LevelScriptBlueprint '/Game/FirstPersonCPP/Maps/FirstPersonExampleMap.FirstPersonExampleMap:PersistentLevel.FirstPersonExampleMap' with GeneratedClass '/Game/FirstPersonCPP/Maps/FirstPersonExampleMap.FirstPersonExampleMap_C' with ClassGeneratedBy '/Game/FirstPersonCPP/Maps/FirstPersonExampleMap.FirstPersonExampleMap:PersistentLevel.FirstPersonExampleMap'
[2019.06.08-04.48.19:275][839]LogSlate: Updating window title bar state: overlay mode, drag disabled, window buttons hidden, title bar hidden
[2019.06.08-04.48.19:279][839]LogUObjectHash: Compacting FUObjectHashTables data took   1.01ms
[2019.06.08-04.48.19:314][841]LogPlayLevel: Display: Destroying online subsystem :Context_3
[2019.06.08-04.49.49:630][252]LogSlate: FSceneViewport::OnFocusLost() reason 0
[2019.06.08-04.49.49:709][256]Candidate modules for hot reload:
[2019.06.08-04.49.49:709][256]  ShadowGame
[2019.06.08-04.49.49:709][256]Launching UnrealBuildTool... [C:/Program Files/Epic Games/UE_4.22/Engine/Binaries/DotNET/UnrealBuildTool.exe  -ModuleWithSuffix=ShadowGame,7002 Win64 Development -TargetType=Editor -Project="C:/Users/nebul/Documents/GitHub/Shadow-Game/ShadowGame/ShadowGame.uproject" "C:/Users/nebul/Documents/GitHub/Shadow-Game/ShadowGame/ShadowGame.uproject"  -IgnoreJunk]
[2019.06.08-04.49.49:712][256]Warning: Starting HotReload took  0.0s.
[2019.06.08-04.50.02:966][343]CompilerResultsLog: New page: Compilation - Jun 7, 2019, 2:50:02 PM
[2019.06.08-04.50.02:966][343]CompilerResultsLog: Using 'git status' to determine working set for adaptive non-unity build (C:\Users\nebul\Documents\GitHub\Shadow-Game).
[2019.06.08-04.50.02:966][343]CompilerResultsLog: Creating makefile for ShadowGameEditor (ini files are newer than makefile)
[2019.06.08-04.50.02:966][343]CompilerResultsLog: Parsing headers for ShadowGameEditor
[2019.06.08-04.50.02:966][343]CompilerResultsLog:   Running UnrealHeaderTool "C:\Users\nebul\Documents\GitHub\Shadow-Game\ShadowGame\ShadowGame.uproject" "C:\Users\nebul\Documents\GitHub\Shadow-Game\ShadowGame\Intermediate\Build\Win64\ShadowGameEditor\Development\ShadowGameEditor.uhtmanifest" -LogCmds="loginit warning, logexit warning, logdatabase error" -Unattended -WarningsAsErrors -installed
[2019.06.08-04.50.02:966][343]CompilerResultsLog: Reflection code generated for ShadowGameEditor in 7.2885274 seconds
[2019.06.08-04.50.02:966][343]CompilerResultsLog: Using Visual Studio 2019 14.20.27508 toolchain (C:\Program Files (x86)\Microsoft Visual Studio\2019\Community\VC\Tools\MSVC\14.20.27508) and Windows 10.0.17763.0 SDK (C:\Program Files (x86)\Windows Kits\10).
[2019.06.08-04.50.02:966][343]CompilerResultsLog: Building 4 actions with 8 processes...
[2019.06.08-04.50.02:966][343]CompilerResultsLog:   [1/4] MyPawn.cpp
[2019.06.08-04.50.02:966][343]CompilerResultsLog:   [2/4] UE4Editor-ShadowGame-7002.lib
[2019.06.08-04.50.02:966][343]CompilerResultsLog:      Creating library C:\Users\nebul\Documents\GitHub\Shadow-Game\ShadowGame\Intermediate\Build\Win64\UE4Editor\Development\ShadowGame\UE4Editor-ShadowGame-7002.lib and object C:\Users\nebul\Documents\GitHub\Shadow-Game\ShadowGame\Intermediate\Build\Win64\UE4Editor\Development\ShadowGame\UE4Editor-ShadowGame-7002.exp
[2019.06.08-04.50.02:966][343]CompilerResultsLog:   [3/4] UE4Editor-ShadowGame-7002.dll
[2019.06.08-04.50.02:966][343]CompilerResultsLog:      Creating library C:\Users\nebul\Documents\GitHub\Shadow-Game\ShadowGame\Intermediate\Build\Win64\UE4Editor\Development\ShadowGame\UE4Editor-ShadowGame-7002.suppressed.lib and object C:\Users\nebul\Documents\GitHub\Shadow-Game\ShadowGame\Intermediate\Build\Win64\UE4Editor\Development\ShadowGame\UE4Editor-ShadowGame-7002.suppressed.exp
[2019.06.08-04.50.02:966][343]CompilerResultsLog:   [4/4] ShadowGameEditor.target
[2019.06.08-04.50.02:966][343]CompilerResultsLog: Total time in Parallel executor: 3.11 seconds
[2019.06.08-04.50.02:966][343]CompilerResultsLog: Total execution time: 13.03 seconds
[2019.06.08-04.50.02:966][343]LogMainFrame: MainFrame: Module compiling took 13.262 seconds
[2019.06.08-04.50.02:991][343]LogUObjectHash: Compacting FUObjectHashTables data took   0.82ms
[2019.06.08-04.50.03:019][343]LogHotReload: Re-instancing MyPawn after hot-reload.
[2019.06.08-04.50.03:102][343]LogContentBrowser: Native class hierarchy updated for 'ShadowGame' in 0.0006 seconds. Added 8 classes and 2 folders.
[2019.06.08-04.50.03:105][343]Display: HotReload successful (1 functions remapped  0 scriptstructs remapped)
[2019.06.08-04.50.03:164][343]LogUObjectHash: Compacting FUObjectHashTables data took   1.38ms
[2019.06.08-04.50.03:178][343]LogContentBrowser: Native class hierarchy populated in 0.0095 seconds. Added 2741 classes and 663 folders.
[2019.06.08-04.50.03:178][343]Display: HotReload took 13.5s.
[2019.06.08-04.50.05:542][402]LogTemp: Repeating last play command: Selected Viewport
[2019.06.08-04.50.05:560][402]LogBlueprintUserMessages: Early PlayInEditor Detection: Level '/Game/FirstPersonCPP/Maps/FirstPersonExampleMap.FirstPersonExampleMap:PersistentLevel' has LevelScriptBlueprint '/Game/FirstPersonCPP/Maps/FirstPersonExampleMap.FirstPersonExampleMap:PersistentLevel.FirstPersonExampleMap' with GeneratedClass '/Game/FirstPersonCPP/Maps/FirstPersonExampleMap.FirstPersonExampleMap_C' with ClassGeneratedBy '/Game/FirstPersonCPP/Maps/FirstPersonExampleMap.FirstPersonExampleMap:PersistentLevel.FirstPersonExampleMap'
[2019.06.08-04.50.05:560][402]LogPlayLevel: PlayLevel: No blueprints needed recompiling
[2019.06.08-04.50.05:560][402]PIE: New page: PIE session: FirstPersonExampleMap (Jun 7, 2019, 2:50:05 PM)
[2019.06.08-04.50.05:560][402]LogPlayLevel: Creating play world package: /Game/FirstPersonCPP/Maps/UEDPIE_0_FirstPersonExampleMap
[2019.06.08-04.50.05:578][402]LogPlayLevel: PIE: StaticDuplicateObject took: (0.017243s)
[2019.06.08-04.50.05:579][402]LogAIModule: Creating AISystem for world FirstPersonExampleMap
[2019.06.08-04.50.05:579][402]LogPlayLevel: PIE: World Init took: (0.001276s)
[2019.06.08-04.50.05:579][402]LogPlayLevel: PIE: Created PIE world by copying editor world from /Game/FirstPersonCPP/Maps/FirstPersonExampleMap.FirstPersonExampleMap to /Game/FirstPersonCPP/Maps/UEDPIE_0_FirstPersonExampleMap.FirstPersonExampleMap (0.018718s)
[2019.06.08-04.50.05:605][402]LogUObjectHash: Compacting FUObjectHashTables data took   1.11ms
[2019.06.08-04.50.05:608][402]LogInit: XAudio2 using 'Speakers (Realtek High Definition Audio)' : 2 channels at 48 kHz using 32 bits per sample (channel mask 0x3)
[2019.06.08-04.50.05:624][402]LogInit: FAudioDevice initialized.
[2019.06.08-04.50.05:651][402]LogLoad: Game class is 'ShadowGameGameMode'
[2019.06.08-04.50.05:653][402]LogWorld: Bringing World /Game/FirstPersonCPP/Maps/UEDPIE_0_FirstPersonExampleMap.FirstPersonExampleMap up for play (max tick rate 60) at 2019.06.07-21.50.05
[2019.06.08-04.50.05:653][402]LogWorld: Bringing up level for play took: 0.001442
[2019.06.08-04.50.05:665][402]PIE: Play in editor start time for /Game/FirstPersonCPP/Maps/UEDPIE_0_FirstPersonExampleMap 1.089
[2019.06.08-04.50.05:665][402]LogBlueprintUserMessages: Late PlayInEditor Detection: Level '/Game/FirstPersonCPP/Maps/FirstPersonExampleMap.FirstPersonExampleMap:PersistentLevel' has LevelScriptBlueprint '/Game/FirstPersonCPP/Maps/FirstPersonExampleMap.FirstPersonExampleMap:PersistentLevel.FirstPersonExampleMap' with GeneratedClass '/Game/FirstPersonCPP/Maps/FirstPersonExampleMap.FirstPersonExampleMap_C' with ClassGeneratedBy '/Game/FirstPersonCPP/Maps/FirstPersonExampleMap.FirstPersonExampleMap:PersistentLevel.FirstPersonExampleMap'
[2019.06.08-04.51.33:368][624]LogBlueprintUserMessages: Early EndPlayMap Detection: Level '/Game/FirstPersonCPP/Maps/FirstPersonExampleMap.FirstPersonExampleMap:PersistentLevel' has LevelScriptBlueprint '/Game/FirstPersonCPP/Maps/FirstPersonExampleMap.FirstPersonExampleMap:PersistentLevel.FirstPersonExampleMap' with GeneratedClass '/Game/FirstPersonCPP/Maps/FirstPersonExampleMap.FirstPersonExampleMap_C' with ClassGeneratedBy '/Game/FirstPersonCPP/Maps/FirstPersonExampleMap.FirstPersonExampleMap:PersistentLevel.FirstPersonExampleMap'
[2019.06.08-04.51.33:368][624]LogSlate: Updating window title bar state: overlay mode, drag disabled, window buttons hidden, title bar hidden
[2019.06.08-04.51.33:402][624]LogPlayLevel: Display: Shutting down PIE online subsystems
[2019.06.08-04.51.33:402][624]LogBlueprintUserMessages: Late EndPlayMap Detection: Level '/Game/FirstPersonCPP/Maps/FirstPersonExampleMap.FirstPersonExampleMap:PersistentLevel' has LevelScriptBlueprint '/Game/FirstPersonCPP/Maps/FirstPersonExampleMap.FirstPersonExampleMap:PersistentLevel.FirstPersonExampleMap' with GeneratedClass '/Game/FirstPersonCPP/Maps/FirstPersonExampleMap.FirstPersonExampleMap_C' with ClassGeneratedBy '/Game/FirstPersonCPP/Maps/FirstPersonExampleMap.FirstPersonExampleMap:PersistentLevel.FirstPersonExampleMap'
[2019.06.08-04.51.33:431][624]LogSlate: Updating window title bar state: overlay mode, drag disabled, window buttons hidden, title bar hidden
[2019.06.08-04.51.33:435][624]LogUObjectHash: Compacting FUObjectHashTables data took   1.33ms
[2019.06.08-04.51.33:480][626]LogPlayLevel: Display: Destroying online subsystem :Context_4
[2019.06.08-04.51.33:981][655]LogSlate: FSceneViewport::OnFocusLost() reason 2
[2019.06.08-04.51.34:069][655]LogSlate: Took 0.000150 seconds to synchronously load lazily loaded font '../../../Engine/Content/Slate/Fonts/Roboto-Light.ttf' (167K)
[2019.06.08-04.51.34:080][655]LogSlate: FSceneViewport::OnFocusLost() reason 2
[2019.06.08-04.51.34:130][655]LogUObjectHash: Compacting FUObjectHashTables data took   1.21ms
[2019.06.08-04.51.34:273][655]LogSavePackage: Moving '../../../../../../Users/nebul/Documents/GitHub/Shadow-Game/ShadowGame/Saved/FirstPersonExampleMapFF43AE7D484EF2CA67836686193B77C5.tmp' to '../../../../../../Users/nebul/Documents/GitHub/Shadow-Game/ShadowGame/Content/FirstPersonCPP/Maps/FirstPersonExampleMap.umap'
[2019.06.08-04.51.35:680][655]LogSavePackage: Moving '../../../../../../Users/nebul/Documents/GitHub/Shadow-Game/ShadowGame/Saved/FirstPersonExampleMap_BuiltData948C90C44129289AA1A8549BBD335B82.tmp' to '../../../../../../Users/nebul/Documents/GitHub/Shadow-Game/ShadowGame/Content/FirstPersonCPP/Maps/FirstPersonExampleMap_BuiltData.uasset'
[2019.06.08-04.51.52:402][981]SourceControl: fatal: C:/Program Files/Epic Games/UE_4.22/Engine/Content: 'C:/Program Files/Epic Games/UE_4.22/Engine/Content' is outside repository
[2019.06.08-04.52.02:871][981]LogSlate: Window 'Submit Files' being destroyed
[2019.06.08-04.52.04:121][981]LogSourceControl: commit successful: [master a4dd140] point light
[2019.06.08-04.52.04:175][981]SourceControl: [master a4dd140] point light
[2019.06.08-04.52.04:175][981]SourceControl:  1 file changed, 0 insertions(+), 0 deletions(-)
[2019.06.08-04.52.04:180][981]SourceControl: Commited [master a4dd140] point light.
